Picked up _JAVA_OPTIONS: -Xmx10g
[--broker, localhost:9092, --name, W1, --within, 1000, --run, 0, --partitions, 1, --topic, W1-run-0, --output, output-W1-run-0]
[--broker, localhost:9092, --name, W1, --within, 1000, --run, 0, --partitions, 1, --topic, W1-run-0, --output, output-W1-run-0]
[--broker, localhost:9092, --name, W1, --within, 1000, --run, 0, --partitions, 1, --topic, W1-run-0, --output, output-W1-run-0]
[--broker, localhost:9092, --name, W1, --within, 1000, --run, 0, --partitions, 1, --topic, W1-run-0, --output, output-W1-run-0]
[--broker, localhost:9092, --name, W1, --within, 1000, --run, 0, --partitions, 1, --topic, W1-run-0, --output, output-W1-run-0]
[--broker, localhost:9092, --name, W1, --within, 1000, --run, 0, --partitions, 1, --topic, W1-run-0, --output, output-W1-run-0]
[--broker, localhost:9092, --name, W1, --within, 1000, --run, 0, --partitions, 1, --topic, W1-run-0, --output, output-W1-run-0]
log4j:ERROR Could not find value for key log4j.appender.stateChangeAppender
log4j:ERROR Could not instantiate appender named "stateChangeAppender".
log4j:ERROR Could not find value for key log4j.appender.controllerAppender
log4j:ERROR Could not instantiate appender named "controllerAppender".
log4j:ERROR Could not find value for key log4j.appender.requestAppender
log4j:ERROR Could not instantiate appender named "requestAppender".
log4j:ERROR Could not find value for key log4j.appender.cleanerAppender
log4j:ERROR Could not instantiate appender named "cleanerAppender".
log4j:ERROR Could not find value for key log4j.appender.requestAppender
log4j:ERROR Could not instantiate appender named "requestAppender".
log4j:ERROR Could not find value for key log4j.appender.authorizerAppender
log4j:ERROR Could not instantiate appender named "authorizerAppender".
[2022-05-13 15:23:22,987] INFO Initializing runtime URI '' version 8.1.0 (com.espertech.esper.runtime.internal.kernel.service.EPRuntimeImpl)
[2022-05-13 15:23:23,246] INFO ConsumerConfig values: 
	allow.auto.create.topics = true
	auto.commit.interval.ms = 5000
	auto.offset.reset = earliest
	bootstrap.servers = [localhost:9092]
	check.crcs = true
	client.dns.lookup = default
	client.id = 4c41df89-54a1-44a1-a6c4-aad67618c43a
	client.rack = 
	connections.max.idle.ms = 540000
	default.api.timeout.ms = 60000
	enable.auto.commit = true
	exclude.internal.topics = true
	fetch.max.bytes = 52428800
	fetch.max.wait.ms = 500
	fetch.min.bytes = 1
	group.id = 4c41df89-54a1-44a1-a6c4-aad67618c43a
	group.instance.id = null
	heartbeat.interval.ms = 3000
	interceptor.classes = []
	internal.leave.group.on.close = true
	isolation.level = read_uncommitted
	key.deserializer = class org.apache.kafka.common.serialization.IntegerDeserializer
	max.partition.fetch.bytes = 1048576
	max.poll.interval.ms = 300000
	max.poll.records = 500
	metadata.max.age.ms = 300000
	metric.reporters = []
	metrics.num.samples = 2
	metrics.recording.level = INFO
	metrics.sample.window.ms = 30000
	partition.assignment.strategy = [class org.apache.kafka.clients.consumer.RangeAssignor]
	receive.buffer.bytes = 65536
	reconnect.backoff.max.ms = 1000
	reconnect.backoff.ms = 50
	request.timeout.ms = 30000
	retry.backoff.ms = 100
	sasl.client.callback.handler.class = null
	sasl.jaas.config = null
	sasl.kerberos.kinit.cmd = /usr/bin/kinit
	sasl.kerberos.min.time.before.relogin = 60000
	sasl.kerberos.service.name = null
	sasl.kerberos.ticket.renew.jitter = 0.05
	sasl.kerberos.ticket.renew.window.factor = 0.8
	sasl.login.callback.handler.class = null
	sasl.login.class = null
	sasl.login.refresh.buffer.seconds = 300
	sasl.login.refresh.min.period.seconds = 60
	sasl.login.refresh.window.factor = 0.8
	sasl.login.refresh.window.jitter = 0.05
	sasl.mechanism = GSSAPI
	security.protocol = PLAINTEXT
	send.buffer.bytes = 131072
	session.timeout.ms = 10000
	ssl.cipher.suites = null
	ssl.enabled.protocols = [TLSv1.2, TLSv1.1, TLSv1]
	ssl.endpoint.identification.algorithm = https
	ssl.key.password = null
	ssl.keymanager.algorithm = SunX509
	ssl.keystore.location = null
	ssl.keystore.password = null
	ssl.keystore.type = JKS
	ssl.protocol = TLS
	ssl.provider = null
	ssl.secure.random.implementation = null
	ssl.trustmanager.algorithm = PKIX
	ssl.truststore.location = null
	ssl.truststore.password = null
	ssl.truststore.type = JKS
	value.deserializer = class io.confluent.kafka.serializers.KafkaAvroDeserializer
 (org.apache.kafka.clients.consumer.ConsumerConfig)
[2022-05-13 15:23:23,278] INFO KafkaAvroDeserializerConfig values: 
	bearer.auth.token = [hidden]
	schema.registry.ssl.truststore.type = JKS
	schema.reflection = false
	auto.register.schemas = true
	basic.auth.credentials.source = URL
	schema.registry.ssl.keystore.password = [hidden]
	schema.registry.ssl.provider = 
	schema.registry.ssl.endpoint.identification.algorithm = https
	schema.registry.ssl.truststore.location = 
	specific.avro.reader = false
	value.subject.name.strategy = class io.confluent.kafka.serializers.subject.TopicNameStrategy
	schema.registry.url = [mock://ab]
	schema.registry.ssl.keystore.location = 
	schema.registry.ssl.trustmanager.algorithm = PKIX
	schema.registry.ssl.key.password = [hidden]
	schema.registry.ssl.keystore.type = JKS
	proxy.port = -1
	schema.registry.ssl.secure.random.implementation = 
	schema.registry.ssl.cipher.suites = []
	max.schemas.per.subject = 1000
	schema.registry.ssl.truststore.password = [hidden]
	basic.auth.user.info = [hidden]
	proxy.host = 
	schema.registry.ssl.enabled.protocols = [TLSv1.2, TLSv1.1, TLSv1]
	schema.registry.ssl.protocol = TLS
	schema.registry.basic.auth.user.info = [hidden]
	bearer.auth.credentials.source = STATIC_TOKEN
	schema.registry.ssl.keymanager.algorithm = SunX509
	key.subject.name.strategy = class io.confluent.kafka.serializers.subject.TopicNameStrategy
 (io.confluent.kafka.serializers.KafkaAvroDeserializerConfig)
[2022-05-13 15:23:23,298] WARN The configuration 'experiment.name' was supplied but isn't a known config. (org.apache.kafka.clients.consumer.ConsumerConfig)
[2022-05-13 15:23:23,299] WARN The configuration 'experiment.within' was supplied but isn't a known config. (org.apache.kafka.clients.consumer.ConsumerConfig)
[2022-05-13 15:23:23,299] WARN The configuration 'experiment.topic.input' was supplied but isn't a known config. (org.apache.kafka.clients.consumer.ConsumerConfig)
[2022-05-13 15:23:23,299] WARN The configuration 'experiment.run' was supplied but isn't a known config. (org.apache.kafka.clients.consumer.ConsumerConfig)
[2022-05-13 15:23:23,299] WARN The configuration 'default.timestamp.extractor' was supplied but isn't a known config. (org.apache.kafka.clients.consumer.ConsumerConfig)
[2022-05-13 15:23:23,299] WARN The configuration 'experiment.partition.count' was supplied but isn't a known config. (org.apache.kafka.clients.consumer.ConsumerConfig)
[2022-05-13 15:23:23,299] WARN The configuration 'experiment.topic.output' was supplied but isn't a known config. (org.apache.kafka.clients.consumer.ConsumerConfig)
[2022-05-13 15:23:23,299] WARN The configuration 'num.stream.threads' was supplied but isn't a known config. (org.apache.kafka.clients.consumer.ConsumerConfig)
[2022-05-13 15:23:23,299] INFO Kafka version: 5.3.1-ccs (org.apache.kafka.common.utils.AppInfoParser)
[2022-05-13 15:23:23,299] INFO Kafka commitId: d7ac44734b9cf5cc (org.apache.kafka.common.utils.AppInfoParser)
[2022-05-13 15:23:23,299] INFO Kafka startTimeMs: 1652448203299 (org.apache.kafka.common.utils.AppInfoParser)
[2022-05-13 15:23:23,300] INFO [Consumer clientId=4c41df89-54a1-44a1-a6c4-aad67618c43a, groupId=4c41df89-54a1-44a1-a6c4-aad67618c43a] Subscribed to topic(s): W1-run-0 (org.apache.kafka.clients.consumer.KafkaConsumer)
[2022-05-13 15:23:23,358] INFO [Consumer clientId=4c41df89-54a1-44a1-a6c4-aad67618c43a, groupId=4c41df89-54a1-44a1-a6c4-aad67618c43a] Cluster ID: swjywS87TZCTQo900u_5qg (org.apache.kafka.clients.Metadata)
[2022-05-13 15:23:23,358] INFO [Consumer clientId=4c41df89-54a1-44a1-a6c4-aad67618c43a, groupId=4c41df89-54a1-44a1-a6c4-aad67618c43a] Discovered group coordinator wu-pers-03356.univ-lyon1.fr:9092 (id: 2147483647 rack: null) (org.apache.kafka.clients.consumer.internals.AbstractCoordinator)
[2022-05-13 15:23:23,361] INFO [Consumer clientId=4c41df89-54a1-44a1-a6c4-aad67618c43a, groupId=4c41df89-54a1-44a1-a6c4-aad67618c43a] Revoking previously assigned partitions [] (org.apache.kafka.clients.consumer.internals.ConsumerCoordinator)
[2022-05-13 15:23:23,361] INFO [Consumer clientId=4c41df89-54a1-44a1-a6c4-aad67618c43a, groupId=4c41df89-54a1-44a1-a6c4-aad67618c43a] (Re-)joining group (org.apache.kafka.clients.consumer.internals.AbstractCoordinator)
[2022-05-13 15:23:23,363] INFO [Consumer clientId=4c41df89-54a1-44a1-a6c4-aad67618c43a, groupId=4c41df89-54a1-44a1-a6c4-aad67618c43a] (Re-)joining group (org.apache.kafka.clients.consumer.internals.AbstractCoordinator)
[2022-05-13 15:23:23,367] INFO [Consumer clientId=4c41df89-54a1-44a1-a6c4-aad67618c43a, groupId=4c41df89-54a1-44a1-a6c4-aad67618c43a] Successfully joined group with generation 1 (org.apache.kafka.clients.consumer.internals.AbstractCoordinator)
[2022-05-13 15:23:23,368] INFO [Consumer clientId=4c41df89-54a1-44a1-a6c4-aad67618c43a, groupId=4c41df89-54a1-44a1-a6c4-aad67618c43a] Setting newly assigned partitions: W1-run-0-0 (org.apache.kafka.clients.consumer.internals.ConsumerCoordinator)
[2022-05-13 15:23:23,370] INFO [Consumer clientId=4c41df89-54a1-44a1-a6c4-aad67618c43a, groupId=4c41df89-54a1-44a1-a6c4-aad67618c43a] Found no committed offset for partition W1-run-0-0 (org.apache.kafka.clients.consumer.internals.ConsumerCoordinator)
[2022-05-13 15:23:23,374] INFO [Consumer clientId=4c41df89-54a1-44a1-a6c4-aad67618c43a, groupId=4c41df89-54a1-44a1-a6c4-aad67618c43a] Resetting offset for partition W1-run-0-0 to offset 0. (org.apache.kafka.clients.consumer.internals.SubscriptionState)
[2022-05-13 15:23:58,397] INFO [Consumer clientId=4c41df89-54a1-44a1-a6c4-aad67618c43a, groupId=4c41df89-54a1-44a1-a6c4-aad67618c43a] Member 4c41df89-54a1-44a1-a6c4-aad67618c43a-11ff09ec-3e87-479f-9cec-24c07780fda4 sending LeaveGroup request to coordinator wu-pers-03356.univ-lyon1.fr:9092 (id: 2147483647 rack: null) (org.apache.kafka.clients.consumer.internals.AbstractCoordinator)
