log4j:ERROR Could not find value for key log4j.appender.stateChangeAppender
log4j:ERROR Could not instantiate appender named "stateChangeAppender".
log4j:ERROR Could not find value for key log4j.appender.controllerAppender
log4j:ERROR Could not instantiate appender named "controllerAppender".
log4j:ERROR Could not find value for key log4j.appender.requestAppender
log4j:ERROR Could not instantiate appender named "requestAppender".
log4j:ERROR Could not find value for key log4j.appender.cleanerAppender
log4j:ERROR Could not instantiate appender named "cleanerAppender".
log4j:ERROR Could not find value for key log4j.appender.requestAppender
log4j:ERROR Could not instantiate appender named "requestAppender".
log4j:ERROR Could not find value for key log4j.appender.authorizerAppender
log4j:ERROR Could not instantiate appender named "authorizerAppender".
[--broker, localhost:9092, --name, W1, --run, 0, --topic, W1-run-0, --partitions-max-index, 0, --chunk-size, 1000, --chunk-number, 1000, --within, 1000, --partitions-min-index, 0]
{experiment.name=W1, experiment.num_chunk_size=1000, experiment.partition.index.min=0, bootstrap.servers=localhost:9092, experiment.within=1000, experiment.chunk_size=1000, buffer.memory=500000000, key.serializer=class org.apache.kafka.common.serialization.IntegerSerializer, experiment.topic.input=W1-run-0, experiment.partition.index.max=0, schema.registry.url=mock://ab, experiment.run=0, value.serializer=class io.confluent.kafka.serializers.KafkaAvroSerializer}
[2022-05-12 18:03:33,417] INFO ProducerConfig values: 
	acks = 1
	batch.size = 16384
	bootstrap.servers = [localhost:9092]
	buffer.memory = 500000000
	client.dns.lookup = default
	client.id = 
	compression.type = none
	connections.max.idle.ms = 540000
	delivery.timeout.ms = 120000
	enable.idempotence = false
	interceptor.classes = []
	key.serializer = class org.apache.kafka.common.serialization.IntegerSerializer
	linger.ms = 0
	max.block.ms = 60000
	max.in.flight.requests.per.connection = 5
	max.request.size = 1048576
	metadata.max.age.ms = 300000
	metric.reporters = []
	metrics.num.samples = 2
	metrics.recording.level = INFO
	metrics.sample.window.ms = 30000
	partitioner.class = class org.apache.kafka.clients.producer.internals.DefaultPartitioner
	receive.buffer.bytes = 32768
	reconnect.backoff.max.ms = 1000
	reconnect.backoff.ms = 50
	request.timeout.ms = 30000
	retries = 2147483647
	retry.backoff.ms = 100
	sasl.client.callback.handler.class = null
	sasl.jaas.config = null
	sasl.kerberos.kinit.cmd = /usr/bin/kinit
	sasl.kerberos.min.time.before.relogin = 60000
	sasl.kerberos.service.name = null
	sasl.kerberos.ticket.renew.jitter = 0.05
	sasl.kerberos.ticket.renew.window.factor = 0.8
	sasl.login.callback.handler.class = null
	sasl.login.class = null
	sasl.login.refresh.buffer.seconds = 300
	sasl.login.refresh.min.period.seconds = 60
	sasl.login.refresh.window.factor = 0.8
	sasl.login.refresh.window.jitter = 0.05
	sasl.mechanism = GSSAPI
	security.protocol = PLAINTEXT
	send.buffer.bytes = 131072
	ssl.cipher.suites = null
	ssl.enabled.protocols = [TLSv1.2, TLSv1.1, TLSv1]
	ssl.endpoint.identification.algorithm = https
	ssl.key.password = null
	ssl.keymanager.algorithm = SunX509
	ssl.keystore.location = null
	ssl.keystore.password = null
	ssl.keystore.type = JKS
	ssl.protocol = TLS
	ssl.provider = null
	ssl.secure.random.implementation = null
	ssl.trustmanager.algorithm = PKIX
	ssl.truststore.location = null
	ssl.truststore.password = null
	ssl.truststore.type = JKS
	transaction.timeout.ms = 60000
	transactional.id = null
	value.serializer = class io.confluent.kafka.serializers.KafkaAvroSerializer
 (org.apache.kafka.clients.producer.ProducerConfig)
[2022-05-12 18:03:33,463] INFO KafkaAvroSerializerConfig values: 
	bearer.auth.token = [hidden]
	schema.registry.ssl.truststore.type = JKS
	schema.reflection = false
	auto.register.schemas = true
	basic.auth.credentials.source = URL
	schema.registry.ssl.keystore.password = [hidden]
	schema.registry.ssl.provider = 
	schema.registry.ssl.endpoint.identification.algorithm = https
	schema.registry.ssl.truststore.location = 
	value.subject.name.strategy = class io.confluent.kafka.serializers.subject.TopicNameStrategy
	schema.registry.url = [mock://ab]
	schema.registry.ssl.keystore.location = 
	schema.registry.ssl.trustmanager.algorithm = PKIX
	schema.registry.ssl.key.password = [hidden]
	schema.registry.ssl.keystore.type = JKS
	proxy.port = -1
	schema.registry.ssl.secure.random.implementation = 
	schema.registry.ssl.cipher.suites = []
	max.schemas.per.subject = 1000
	schema.registry.ssl.truststore.password = [hidden]
	basic.auth.user.info = [hidden]
	proxy.host = 
	schema.registry.ssl.enabled.protocols = [TLSv1.2, TLSv1.1, TLSv1]
	schema.registry.ssl.protocol = TLS
	schema.registry.basic.auth.user.info = [hidden]
	bearer.auth.credentials.source = STATIC_TOKEN
	schema.registry.ssl.keymanager.algorithm = SunX509
	key.subject.name.strategy = class io.confluent.kafka.serializers.subject.TopicNameStrategy
 (io.confluent.kafka.serializers.KafkaAvroSerializerConfig)
[2022-05-12 18:03:33,485] WARN The configuration 'experiment.name' was supplied but isn't a known config. (org.apache.kafka.clients.producer.ProducerConfig)
[2022-05-12 18:03:33,485] WARN The configuration 'experiment.num_chunk_size' was supplied but isn't a known config. (org.apache.kafka.clients.producer.ProducerConfig)
[2022-05-12 18:03:33,485] WARN The configuration 'experiment.partition.index.min' was supplied but isn't a known config. (org.apache.kafka.clients.producer.ProducerConfig)
[2022-05-12 18:03:33,485] WARN The configuration 'experiment.within' was supplied but isn't a known config. (org.apache.kafka.clients.producer.ProducerConfig)
[2022-05-12 18:03:33,485] WARN The configuration 'experiment.chunk_size' was supplied but isn't a known config. (org.apache.kafka.clients.producer.ProducerConfig)
[2022-05-12 18:03:33,485] WARN The configuration 'experiment.topic.input' was supplied but isn't a known config. (org.apache.kafka.clients.producer.ProducerConfig)
[2022-05-12 18:03:33,485] WARN The configuration 'experiment.partition.index.max' was supplied but isn't a known config. (org.apache.kafka.clients.producer.ProducerConfig)
[2022-05-12 18:03:33,485] WARN The configuration 'experiment.run' was supplied but isn't a known config. (org.apache.kafka.clients.producer.ProducerConfig)
[2022-05-12 18:03:33,486] INFO Kafka version: 5.3.1-ccs (org.apache.kafka.common.utils.AppInfoParser)
[2022-05-12 18:03:33,486] INFO Kafka commitId: d7ac44734b9cf5cc (org.apache.kafka.common.utils.AppInfoParser)
[2022-05-12 18:03:33,486] INFO Kafka startTimeMs: 1652371413485 (org.apache.kafka.common.utils.AppInfoParser)
[2022-05-12 18:03:33,547] INFO Total number of chunks: 1000 (evaluation.producer.WProducerBase)
[2022-05-12 18:03:33,548] INFO Starting time: 0 (evaluation.producer.WProducerBase)
[2022-05-12 18:03:33,604] INFO [Producer clientId=producer-1] Cluster ID: swjywS87TZCTQo900u_5qg (org.apache.kafka.clients.Metadata)
Created chunk number: 1 for partition 0
Created chunk number: 2 for partition 0
Created chunk number: 3 for partition 0
Created chunk number: 4 for partition 0
Created chunk number: 5 for partition 0
Created chunk number: 6 for partition 0
Created chunk number: 7 for partition 0
Created chunk number: 8 for partition 0
Created chunk number: 9 for partition 0
Created chunk number: 10 for partition 0
Created chunk number: 11 for partition 0
Created chunk number: 12 for partition 0
Created chunk number: 13 for partition 0
Created chunk number: 14 for partition 0
Created chunk number: 15 for partition 0
Created chunk number: 16 for partition 0
Created chunk number: 17 for partition 0
Created chunk number: 18 for partition 0
Created chunk number: 19 for partition 0
Created chunk number: 20 for partition 0
Created chunk number: 21 for partition 0
Created chunk number: 22 for partition 0
Created chunk number: 23 for partition 0
Created chunk number: 24 for partition 0
Created chunk number: 25 for partition 0
Created chunk number: 26 for partition 0
Created chunk number: 27 for partition 0
Created chunk number: 28 for partition 0
Created chunk number: 29 for partition 0
Created chunk number: 30 for partition 0
Created chunk number: 31 for partition 0
Created chunk number: 32 for partition 0
Created chunk number: 33 for partition 0
Created chunk number: 34 for partition 0
Created chunk number: 35 for partition 0
Created chunk number: 36 for partition 0
Created chunk number: 37 for partition 0
Created chunk number: 38 for partition 0
Created chunk number: 39 for partition 0
Created chunk number: 40 for partition 0
Created chunk number: 41 for partition 0
Created chunk number: 42 for partition 0
Created chunk number: 43 for partition 0
Created chunk number: 44 for partition 0
Created chunk number: 45 for partition 0
Created chunk number: 46 for partition 0
Created chunk number: 47 for partition 0
Created chunk number: 48 for partition 0
Created chunk number: 49 for partition 0
Created chunk number: 50 for partition 0
Created chunk number: 51 for partition 0
Created chunk number: 52 for partition 0
Created chunk number: 53 for partition 0
Created chunk number: 54 for partition 0
Created chunk number: 55 for partition 0
Created chunk number: 56 for partition 0
Created chunk number: 57 for partition 0
Created chunk number: 58 for partition 0
Created chunk number: 59 for partition 0
Created chunk number: 60 for partition 0
Created chunk number: 61 for partition 0
Created chunk number: 62 for partition 0
Created chunk number: 63 for partition 0
Created chunk number: 64 for partition 0
Created chunk number: 65 for partition 0
Created chunk number: 66 for partition 0
Created chunk number: 67 for partition 0
Created chunk number: 68 for partition 0
Created chunk number: 69 for partition 0
Created chunk number: 70 for partition 0
Created chunk number: 71 for partition 0
Created chunk number: 72 for partition 0
Created chunk number: 73 for partition 0
Created chunk number: 74 for partition 0
Created chunk number: 75 for partition 0
Created chunk number: 76 for partition 0
Created chunk number: 77 for partition 0
Created chunk number: 78 for partition 0
Created chunk number: 79 for partition 0
Created chunk number: 80 for partition 0
Created chunk number: 81 for partition 0
Created chunk number: 82 for partition 0
Created chunk number: 83 for partition 0
Created chunk number: 84 for partition 0
Created chunk number: 85 for partition 0
Created chunk number: 86 for partition 0
Created chunk number: 87 for partition 0
Created chunk number: 88 for partition 0
Created chunk number: 89 for partition 0
Created chunk number: 90 for partition 0
Created chunk number: 91 for partition 0
Created chunk number: 92 for partition 0
Created chunk number: 93 for partition 0
Created chunk number: 94 for partition 0
Created chunk number: 95 for partition 0
Created chunk number: 96 for partition 0
Created chunk number: 97 for partition 0
Created chunk number: 98 for partition 0
Created chunk number: 99 for partition 0
Created chunk number: 100 for partition 0
Created chunk number: 101 for partition 0
Created chunk number: 102 for partition 0
Created chunk number: 103 for partition 0
Created chunk number: 104 for partition 0
Created chunk number: 105 for partition 0
Created chunk number: 106 for partition 0
Created chunk number: 107 for partition 0
Created chunk number: 108 for partition 0
Created chunk number: 109 for partition 0
Created chunk number: 110 for partition 0
Created chunk number: 111 for partition 0
Created chunk number: 112 for partition 0
Created chunk number: 113 for partition 0
Created chunk number: 114 for partition 0
Created chunk number: 115 for partition 0
Created chunk number: 116 for partition 0
Created chunk number: 117 for partition 0
Created chunk number: 118 for partition 0
Created chunk number: 119 for partition 0
Created chunk number: 120 for partition 0
Created chunk number: 121 for partition 0
Created chunk number: 122 for partition 0
Created chunk number: 123 for partition 0
Created chunk number: 124 for partition 0
Created chunk number: 125 for partition 0
Created chunk number: 126 for partition 0
Created chunk number: 127 for partition 0
Created chunk number: 128 for partition 0
Created chunk number: 129 for partition 0
Created chunk number: 130 for partition 0
Created chunk number: 131 for partition 0
Created chunk number: 132 for partition 0
Created chunk number: 133 for partition 0
Created chunk number: 134 for partition 0
Created chunk number: 135 for partition 0
Created chunk number: 136 for partition 0
Created chunk number: 137 for partition 0
Created chunk number: 138 for partition 0
Created chunk number: 139 for partition 0
Created chunk number: 140 for partition 0
Created chunk number: 141 for partition 0
Created chunk number: 142 for partition 0
Created chunk number: 143 for partition 0
Created chunk number: 144 for partition 0
Created chunk number: 145 for partition 0
Created chunk number: 146 for partition 0
Created chunk number: 147 for partition 0
Created chunk number: 148 for partition 0
Created chunk number: 149 for partition 0
Created chunk number: 150 for partition 0
Created chunk number: 151 for partition 0
Created chunk number: 152 for partition 0
Created chunk number: 153 for partition 0
Created chunk number: 154 for partition 0
Created chunk number: 155 for partition 0
Created chunk number: 156 for partition 0
Created chunk number: 157 for partition 0
Created chunk number: 158 for partition 0
Created chunk number: 159 for partition 0
Created chunk number: 160 for partition 0
Created chunk number: 161 for partition 0
Created chunk number: 162 for partition 0
Created chunk number: 163 for partition 0
Created chunk number: 164 for partition 0
Created chunk number: 165 for partition 0
Created chunk number: 166 for partition 0
Created chunk number: 167 for partition 0
Created chunk number: 168 for partition 0
Created chunk number: 169 for partition 0
Created chunk number: 170 for partition 0
Created chunk number: 171 for partition 0
Created chunk number: 172 for partition 0
Created chunk number: 173 for partition 0
Created chunk number: 174 for partition 0
Created chunk number: 175 for partition 0
Created chunk number: 176 for partition 0
Created chunk number: 177 for partition 0
Created chunk number: 178 for partition 0
Created chunk number: 179 for partition 0
Created chunk number: 180 for partition 0
Created chunk number: 181 for partition 0
Created chunk number: 182 for partition 0
Created chunk number: 183 for partition 0
Created chunk number: 184 for partition 0
Created chunk number: 185 for partition 0
Created chunk number: 186 for partition 0
Created chunk number: 187 for partition 0
Created chunk number: 188 for partition 0
Created chunk number: 189 for partition 0
Created chunk number: 190 for partition 0
Created chunk number: 191 for partition 0
Created chunk number: 192 for partition 0
Created chunk number: 193 for partition 0
Created chunk number: 194 for partition 0
Created chunk number: 195 for partition 0
Created chunk number: 196 for partition 0
Created chunk number: 197 for partition 0
Created chunk number: 198 for partition 0
Created chunk number: 199 for partition 0
Created chunk number: 200 for partition 0
Created chunk number: 201 for partition 0
Created chunk number: 202 for partition 0
Created chunk number: 203 for partition 0
Created chunk number: 204 for partition 0
Created chunk number: 205 for partition 0
Created chunk number: 206 for partition 0
Created chunk number: 207 for partition 0
Created chunk number: 208 for partition 0
Created chunk number: 209 for partition 0
Created chunk number: 210 for partition 0
Created chunk number: 211 for partition 0
Created chunk number: 212 for partition 0
Created chunk number: 213 for partition 0
Created chunk number: 214 for partition 0
Created chunk number: 215 for partition 0
Created chunk number: 216 for partition 0
Created chunk number: 217 for partition 0
Created chunk number: 218 for partition 0
Created chunk number: 219 for partition 0
Created chunk number: 220 for partition 0
Created chunk number: 221 for partition 0
Created chunk number: 222 for partition 0
Created chunk number: 223 for partition 0
Created chunk number: 224 for partition 0
Created chunk number: 225 for partition 0
Created chunk number: 226 for partition 0
Created chunk number: 227 for partition 0
Created chunk number: 228 for partition 0
Created chunk number: 229 for partition 0
Created chunk number: 230 for partition 0
Created chunk number: 231 for partition 0
Created chunk number: 232 for partition 0
Created chunk number: 233 for partition 0
Created chunk number: 234 for partition 0
Created chunk number: 235 for partition 0
Created chunk number: 236 for partition 0
Created chunk number: 237 for partition 0
Created chunk number: 238 for partition 0
Created chunk number: 239 for partition 0
Created chunk number: 240 for partition 0
Created chunk number: 241 for partition 0
Created chunk number: 242 for partition 0
Created chunk number: 243 for partition 0
Created chunk number: 244 for partition 0
Created chunk number: 245 for partition 0
Created chunk number: 246 for partition 0
Created chunk number: 247 for partition 0
Created chunk number: 248 for partition 0
Created chunk number: 249 for partition 0
Created chunk number: 250 for partition 0
Created chunk number: 251 for partition 0
Created chunk number: 252 for partition 0
Created chunk number: 253 for partition 0
Created chunk number: 254 for partition 0
Created chunk number: 255 for partition 0
Created chunk number: 256 for partition 0
Created chunk number: 257 for partition 0
Created chunk number: 258 for partition 0
Created chunk number: 259 for partition 0
Created chunk number: 260 for partition 0
Created chunk number: 261 for partition 0
Created chunk number: 262 for partition 0
Created chunk number: 263 for partition 0
Created chunk number: 264 for partition 0
Created chunk number: 265 for partition 0
Created chunk number: 266 for partition 0
Created chunk number: 267 for partition 0
Created chunk number: 268 for partition 0
Created chunk number: 269 for partition 0
Created chunk number: 270 for partition 0
Created chunk number: 271 for partition 0
Created chunk number: 272 for partition 0
Created chunk number: 273 for partition 0
Created chunk number: 274 for partition 0
Created chunk number: 275 for partition 0
Created chunk number: 276 for partition 0
Created chunk number: 277 for partition 0
Created chunk number: 278 for partition 0
Created chunk number: 279 for partition 0
Created chunk number: 280 for partition 0
Created chunk number: 281 for partition 0
Created chunk number: 282 for partition 0
Created chunk number: 283 for partition 0
Created chunk number: 284 for partition 0
Created chunk number: 285 for partition 0
Created chunk number: 286 for partition 0
Created chunk number: 287 for partition 0
Created chunk number: 288 for partition 0
Created chunk number: 289 for partition 0
Created chunk number: 290 for partition 0
Created chunk number: 291 for partition 0
Created chunk number: 292 for partition 0
Created chunk number: 293 for partition 0
Created chunk number: 294 for partition 0
Created chunk number: 295 for partition 0
Created chunk number: 296 for partition 0
Created chunk number: 297 for partition 0
Created chunk number: 298 for partition 0
Created chunk number: 299 for partition 0
Created chunk number: 300 for partition 0
Created chunk number: 301 for partition 0
Created chunk number: 302 for partition 0
Created chunk number: 303 for partition 0
Created chunk number: 304 for partition 0
Created chunk number: 305 for partition 0
Created chunk number: 306 for partition 0
Created chunk number: 307 for partition 0
Created chunk number: 308 for partition 0
Created chunk number: 309 for partition 0
Created chunk number: 310 for partition 0
Created chunk number: 311 for partition 0
Created chunk number: 312 for partition 0
Created chunk number: 313 for partition 0
Created chunk number: 314 for partition 0
Created chunk number: 315 for partition 0
Created chunk number: 316 for partition 0
Created chunk number: 317 for partition 0
Created chunk number: 318 for partition 0
Created chunk number: 319 for partition 0
Created chunk number: 320 for partition 0
Created chunk number: 321 for partition 0
Created chunk number: 322 for partition 0
Created chunk number: 323 for partition 0
Created chunk number: 324 for partition 0
Created chunk number: 325 for partition 0
Created chunk number: 326 for partition 0
Created chunk number: 327 for partition 0
Created chunk number: 328 for partition 0
Created chunk number: 329 for partition 0
Created chunk number: 330 for partition 0
Created chunk number: 331 for partition 0
Created chunk number: 332 for partition 0
Created chunk number: 333 for partition 0
Created chunk number: 334 for partition 0
Created chunk number: 335 for partition 0
Created chunk number: 336 for partition 0
Created chunk number: 337 for partition 0
Created chunk number: 338 for partition 0
Created chunk number: 339 for partition 0
Created chunk number: 340 for partition 0
Created chunk number: 341 for partition 0
Created chunk number: 342 for partition 0
Created chunk number: 343 for partition 0
Created chunk number: 344 for partition 0
Created chunk number: 345 for partition 0
Created chunk number: 346 for partition 0
Created chunk number: 347 for partition 0
Created chunk number: 348 for partition 0
Created chunk number: 349 for partition 0
Created chunk number: 350 for partition 0
Created chunk number: 351 for partition 0
Created chunk number: 352 for partition 0
Created chunk number: 353 for partition 0
Created chunk number: 354 for partition 0
Created chunk number: 355 for partition 0
Created chunk number: 356 for partition 0
Created chunk number: 357 for partition 0
Created chunk number: 358 for partition 0
Created chunk number: 359 for partition 0
Created chunk number: 360 for partition 0
Created chunk number: 361 for partition 0
Created chunk number: 362 for partition 0
Created chunk number: 363 for partition 0
Created chunk number: 364 for partition 0
Created chunk number: 365 for partition 0
Created chunk number: 366 for partition 0
Created chunk number: 367 for partition 0
Created chunk number: 368 for partition 0
Created chunk number: 369 for partition 0
Created chunk number: 370 for partition 0
Created chunk number: 371 for partition 0
Created chunk number: 372 for partition 0
Created chunk number: 373 for partition 0
Created chunk number: 374 for partition 0
Created chunk number: 375 for partition 0
Created chunk number: 376 for partition 0
Created chunk number: 377 for partition 0
Created chunk number: 378 for partition 0
Created chunk number: 379 for partition 0
Created chunk number: 380 for partition 0
Created chunk number: 381 for partition 0
Created chunk number: 382 for partition 0
Created chunk number: 383 for partition 0
Created chunk number: 384 for partition 0
Created chunk number: 385 for partition 0
Created chunk number: 386 for partition 0
Created chunk number: 387 for partition 0
Created chunk number: 388 for partition 0
Created chunk number: 389 for partition 0
Created chunk number: 390 for partition 0
Created chunk number: 391 for partition 0
Created chunk number: 392 for partition 0
Created chunk number: 393 for partition 0
Created chunk number: 394 for partition 0
Created chunk number: 395 for partition 0
Created chunk number: 396 for partition 0
Created chunk number: 397 for partition 0
Created chunk number: 398 for partition 0
Created chunk number: 399 for partition 0
Created chunk number: 400 for partition 0
Created chunk number: 401 for partition 0
Created chunk number: 402 for partition 0
Created chunk number: 403 for partition 0
Created chunk number: 404 for partition 0
Created chunk number: 405 for partition 0
Created chunk number: 406 for partition 0
Created chunk number: 407 for partition 0
Created chunk number: 408 for partition 0
Created chunk number: 409 for partition 0
Created chunk number: 410 for partition 0
Created chunk number: 411 for partition 0
Created chunk number: 412 for partition 0
Created chunk number: 413 for partition 0
Created chunk number: 414 for partition 0
Created chunk number: 415 for partition 0
Created chunk number: 416 for partition 0
Created chunk number: 417 for partition 0
Created chunk number: 418 for partition 0
Created chunk number: 419 for partition 0
Created chunk number: 420 for partition 0
Created chunk number: 421 for partition 0
Created chunk number: 422 for partition 0
Created chunk number: 423 for partition 0
Created chunk number: 424 for partition 0
Created chunk number: 425 for partition 0
Created chunk number: 426 for partition 0
Created chunk number: 427 for partition 0
Created chunk number: 428 for partition 0
Created chunk number: 429 for partition 0
Created chunk number: 430 for partition 0
Created chunk number: 431 for partition 0
Created chunk number: 432 for partition 0
Created chunk number: 433 for partition 0
Created chunk number: 434 for partition 0
Created chunk number: 435 for partition 0
Created chunk number: 436 for partition 0
Created chunk number: 437 for partition 0
Created chunk number: 438 for partition 0
Created chunk number: 439 for partition 0
Created chunk number: 440 for partition 0
Created chunk number: 441 for partition 0
Created chunk number: 442 for partition 0
Created chunk number: 443 for partition 0
Created chunk number: 444 for partition 0
Created chunk number: 445 for partition 0
Created chunk number: 446 for partition 0
Created chunk number: 447 for partition 0
Created chunk number: 448 for partition 0
Created chunk number: 449 for partition 0
Created chunk number: 450 for partition 0
Created chunk number: 451 for partition 0
Created chunk number: 452 for partition 0
Created chunk number: 453 for partition 0
Created chunk number: 454 for partition 0
Created chunk number: 455 for partition 0
Created chunk number: 456 for partition 0
Created chunk number: 457 for partition 0
Created chunk number: 458 for partition 0
Created chunk number: 459 for partition 0
Created chunk number: 460 for partition 0
Created chunk number: 461 for partition 0
Created chunk number: 462 for partition 0
Created chunk number: 463 for partition 0
Created chunk number: 464 for partition 0
Created chunk number: 465 for partition 0
Created chunk number: 466 for partition 0
Created chunk number: 467 for partition 0
Created chunk number: 468 for partition 0
Created chunk number: 469 for partition 0
Created chunk number: 470 for partition 0
Created chunk number: 471 for partition 0
Created chunk number: 472 for partition 0
Created chunk number: 473 for partition 0
Created chunk number: 474 for partition 0
Created chunk number: 475 for partition 0
Created chunk number: 476 for partition 0
Created chunk number: 477 for partition 0
Created chunk number: 478 for partition 0
Created chunk number: 479 for partition 0
Created chunk number: 480 for partition 0
Created chunk number: 481 for partition 0
Created chunk number: 482 for partition 0
Created chunk number: 483 for partition 0
Created chunk number: 484 for partition 0
Created chunk number: 485 for partition 0
Created chunk number: 486 for partition 0
Created chunk number: 487 for partition 0
Created chunk number: 488 for partition 0
Created chunk number: 489 for partition 0
Created chunk number: 490 for partition 0
Created chunk number: 491 for partition 0
Created chunk number: 492 for partition 0
Created chunk number: 493 for partition 0
Created chunk number: 494 for partition 0
Created chunk number: 495 for partition 0
Created chunk number: 496 for partition 0
Created chunk number: 497 for partition 0
Created chunk number: 498 for partition 0
Created chunk number: 499 for partition 0
Created chunk number: 500 for partition 0
Created chunk number: 501 for partition 0
Created chunk number: 502 for partition 0
Created chunk number: 503 for partition 0
Created chunk number: 504 for partition 0
Created chunk number: 505 for partition 0
Created chunk number: 506 for partition 0
Created chunk number: 507 for partition 0
Created chunk number: 508 for partition 0
Created chunk number: 509 for partition 0
Created chunk number: 510 for partition 0
Created chunk number: 511 for partition 0
Created chunk number: 512 for partition 0
Created chunk number: 513 for partition 0
Created chunk number: 514 for partition 0
Created chunk number: 515 for partition 0
Created chunk number: 516 for partition 0
Created chunk number: 517 for partition 0
Created chunk number: 518 for partition 0
Created chunk number: 519 for partition 0
Created chunk number: 520 for partition 0
Created chunk number: 521 for partition 0
Created chunk number: 522 for partition 0
Created chunk number: 523 for partition 0
Created chunk number: 524 for partition 0
Created chunk number: 525 for partition 0
Created chunk number: 526 for partition 0
Created chunk number: 527 for partition 0
Created chunk number: 528 for partition 0
Created chunk number: 529 for partition 0
Created chunk number: 530 for partition 0
Created chunk number: 531 for partition 0
Created chunk number: 532 for partition 0
Created chunk number: 533 for partition 0
Created chunk number: 534 for partition 0
Created chunk number: 535 for partition 0
Created chunk number: 536 for partition 0
Created chunk number: 537 for partition 0
Created chunk number: 538 for partition 0
Created chunk number: 539 for partition 0
Created chunk number: 540 for partition 0
Created chunk number: 541 for partition 0
Created chunk number: 542 for partition 0
Created chunk number: 543 for partition 0
Created chunk number: 544 for partition 0
Created chunk number: 545 for partition 0
Created chunk number: 546 for partition 0
Created chunk number: 547 for partition 0
Created chunk number: 548 for partition 0
Created chunk number: 549 for partition 0
Created chunk number: 550 for partition 0
Created chunk number: 551 for partition 0
Created chunk number: 552 for partition 0
Created chunk number: 553 for partition 0
Created chunk number: 554 for partition 0
Created chunk number: 555 for partition 0
Created chunk number: 556 for partition 0
Created chunk number: 557 for partition 0
Created chunk number: 558 for partition 0
Created chunk number: 559 for partition 0
Created chunk number: 560 for partition 0
Created chunk number: 561 for partition 0
Created chunk number: 562 for partition 0
Created chunk number: 563 for partition 0
Created chunk number: 564 for partition 0
Created chunk number: 565 for partition 0
Created chunk number: 566 for partition 0
Created chunk number: 567 for partition 0
Created chunk number: 568 for partition 0
Created chunk number: 569 for partition 0
Created chunk number: 570 for partition 0
Created chunk number: 571 for partition 0
Created chunk number: 572 for partition 0
Created chunk number: 573 for partition 0
Created chunk number: 574 for partition 0
Created chunk number: 575 for partition 0
Created chunk number: 576 for partition 0
Created chunk number: 577 for partition 0
Created chunk number: 578 for partition 0
Created chunk number: 579 for partition 0
Created chunk number: 580 for partition 0
Created chunk number: 581 for partition 0
Created chunk number: 582 for partition 0
Created chunk number: 583 for partition 0
Created chunk number: 584 for partition 0
Created chunk number: 585 for partition 0
Created chunk number: 586 for partition 0
Created chunk number: 587 for partition 0
Created chunk number: 588 for partition 0
Created chunk number: 589 for partition 0
Created chunk number: 590 for partition 0
Created chunk number: 591 for partition 0
Created chunk number: 592 for partition 0
Created chunk number: 593 for partition 0
Created chunk number: 594 for partition 0
Created chunk number: 595 for partition 0
Created chunk number: 596 for partition 0
Created chunk number: 597 for partition 0
Created chunk number: 598 for partition 0
Created chunk number: 599 for partition 0
Created chunk number: 600 for partition 0
Created chunk number: 601 for partition 0
Created chunk number: 602 for partition 0
Created chunk number: 603 for partition 0
Created chunk number: 604 for partition 0
Created chunk number: 605 for partition 0
Created chunk number: 606 for partition 0
Created chunk number: 607 for partition 0
Created chunk number: 608 for partition 0
Created chunk number: 609 for partition 0
Created chunk number: 610 for partition 0
Created chunk number: 611 for partition 0
Created chunk number: 612 for partition 0
Created chunk number: 613 for partition 0
Created chunk number: 614 for partition 0
Created chunk number: 615 for partition 0
Created chunk number: 616 for partition 0
Created chunk number: 617 for partition 0
Created chunk number: 618 for partition 0
Created chunk number: 619 for partition 0
Created chunk number: 620 for partition 0
Created chunk number: 621 for partition 0
Created chunk number: 622 for partition 0
Created chunk number: 623 for partition 0
Created chunk number: 624 for partition 0
Created chunk number: 625 for partition 0
Created chunk number: 626 for partition 0
Created chunk number: 627 for partition 0
Created chunk number: 628 for partition 0
Created chunk number: 629 for partition 0
Created chunk number: 630 for partition 0
Created chunk number: 631 for partition 0
Created chunk number: 632 for partition 0
Created chunk number: 633 for partition 0
Created chunk number: 634 for partition 0
Created chunk number: 635 for partition 0
Created chunk number: 636 for partition 0
Created chunk number: 637 for partition 0
Created chunk number: 638 for partition 0
Created chunk number: 639 for partition 0
Created chunk number: 640 for partition 0
Created chunk number: 641 for partition 0
Created chunk number: 642 for partition 0
Created chunk number: 643 for partition 0
Created chunk number: 644 for partition 0
Created chunk number: 645 for partition 0
Created chunk number: 646 for partition 0
Created chunk number: 647 for partition 0
Created chunk number: 648 for partition 0
Created chunk number: 649 for partition 0
Created chunk number: 650 for partition 0
Created chunk number: 651 for partition 0
Created chunk number: 652 for partition 0
Created chunk number: 653 for partition 0
Created chunk number: 654 for partition 0
Created chunk number: 655 for partition 0
Created chunk number: 656 for partition 0
Created chunk number: 657 for partition 0
Created chunk number: 658 for partition 0
Created chunk number: 659 for partition 0
Created chunk number: 660 for partition 0
Created chunk number: 661 for partition 0
Created chunk number: 662 for partition 0
Created chunk number: 663 for partition 0
Created chunk number: 664 for partition 0
Created chunk number: 665 for partition 0
Created chunk number: 666 for partition 0
Created chunk number: 667 for partition 0
Created chunk number: 668 for partition 0
Created chunk number: 669 for partition 0
Created chunk number: 670 for partition 0
Created chunk number: 671 for partition 0
Created chunk number: 672 for partition 0
Created chunk number: 673 for partition 0
Created chunk number: 674 for partition 0
Created chunk number: 675 for partition 0
Created chunk number: 676 for partition 0
Created chunk number: 677 for partition 0
Created chunk number: 678 for partition 0
Created chunk number: 679 for partition 0
Created chunk number: 680 for partition 0
Created chunk number: 681 for partition 0
Created chunk number: 682 for partition 0
Created chunk number: 683 for partition 0
Created chunk number: 684 for partition 0
Created chunk number: 685 for partition 0
Created chunk number: 686 for partition 0
Created chunk number: 687 for partition 0
Created chunk number: 688 for partition 0
Created chunk number: 689 for partition 0
Created chunk number: 690 for partition 0
Created chunk number: 691 for partition 0
Created chunk number: 692 for partition 0
Created chunk number: 693 for partition 0
Created chunk number: 694 for partition 0
Created chunk number: 695 for partition 0
Created chunk number: 696 for partition 0
Created chunk number: 697 for partition 0
Created chunk number: 698 for partition 0
Created chunk number: 699 for partition 0
Created chunk number: 700 for partition 0
Created chunk number: 701 for partition 0
Created chunk number: 702 for partition 0
Created chunk number: 703 for partition 0
Created chunk number: 704 for partition 0
Created chunk number: 705 for partition 0
Created chunk number: 706 for partition 0
Created chunk number: 707 for partition 0
Created chunk number: 708 for partition 0
Created chunk number: 709 for partition 0
Created chunk number: 710 for partition 0
Created chunk number: 711 for partition 0
Created chunk number: 712 for partition 0
Created chunk number: 713 for partition 0
Created chunk number: 714 for partition 0
Created chunk number: 715 for partition 0
Created chunk number: 716 for partition 0
Created chunk number: 717 for partition 0
Created chunk number: 718 for partition 0
Created chunk number: 719 for partition 0
Created chunk number: 720 for partition 0
Created chunk number: 721 for partition 0
Created chunk number: 722 for partition 0
Created chunk number: 723 for partition 0
Created chunk number: 724 for partition 0
Created chunk number: 725 for partition 0
Created chunk number: 726 for partition 0
Created chunk number: 727 for partition 0
Created chunk number: 728 for partition 0
Created chunk number: 729 for partition 0
Created chunk number: 730 for partition 0
Created chunk number: 731 for partition 0
Created chunk number: 732 for partition 0
Created chunk number: 733 for partition 0
Created chunk number: 734 for partition 0
Created chunk number: 735 for partition 0
Created chunk number: 736 for partition 0
Created chunk number: 737 for partition 0
Created chunk number: 738 for partition 0
Created chunk number: 739 for partition 0
Created chunk number: 740 for partition 0
Created chunk number: 741 for partition 0
Created chunk number: 742 for partition 0
Created chunk number: 743 for partition 0
Created chunk number: 744 for partition 0
Created chunk number: 745 for partition 0
Created chunk number: 746 for partition 0
Created chunk number: 747 for partition 0
Created chunk number: 748 for partition 0
Created chunk number: 749 for partition 0
Created chunk number: 750 for partition 0
Created chunk number: 751 for partition 0
Created chunk number: 752 for partition 0
Created chunk number: 753 for partition 0
Created chunk number: 754 for partition 0
Created chunk number: 755 for partition 0
Created chunk number: 756 for partition 0
Created chunk number: 757 for partition 0
Created chunk number: 758 for partition 0
Created chunk number: 759 for partition 0
Created chunk number: 760 for partition 0
Created chunk number: 761 for partition 0
Created chunk number: 762 for partition 0
Created chunk number: 763 for partition 0
Created chunk number: 764 for partition 0
Created chunk number: 765 for partition 0
Created chunk number: 766 for partition 0
Created chunk number: 767 for partition 0
Created chunk number: 768 for partition 0
Created chunk number: 769 for partition 0
Created chunk number: 770 for partition 0
Created chunk number: 771 for partition 0
Created chunk number: 772 for partition 0
Created chunk number: 773 for partition 0
Created chunk number: 774 for partition 0
Created chunk number: 775 for partition 0
Created chunk number: 776 for partition 0
Created chunk number: 777 for partition 0
Created chunk number: 778 for partition 0
Created chunk number: 779 for partition 0
Created chunk number: 780 for partition 0
Created chunk number: 781 for partition 0
Created chunk number: 782 for partition 0
Created chunk number: 783 for partition 0
Created chunk number: 784 for partition 0
Created chunk number: 785 for partition 0
Created chunk number: 786 for partition 0
Created chunk number: 787 for partition 0
Created chunk number: 788 for partition 0
Created chunk number: 789 for partition 0
Created chunk number: 790 for partition 0
Created chunk number: 791 for partition 0
Created chunk number: 792 for partition 0
Created chunk number: 793 for partition 0
Created chunk number: 794 for partition 0
Created chunk number: 795 for partition 0
Created chunk number: 796 for partition 0
Created chunk number: 797 for partition 0
Created chunk number: 798 for partition 0
Created chunk number: 799 for partition 0
Created chunk number: 800 for partition 0
Created chunk number: 801 for partition 0
Created chunk number: 802 for partition 0
Created chunk number: 803 for partition 0
Created chunk number: 804 for partition 0
Created chunk number: 805 for partition 0
Created chunk number: 806 for partition 0
Created chunk number: 807 for partition 0
Created chunk number: 808 for partition 0
Created chunk number: 809 for partition 0
Created chunk number: 810 for partition 0
Created chunk number: 811 for partition 0
Created chunk number: 812 for partition 0
Created chunk number: 813 for partition 0
Created chunk number: 814 for partition 0
Created chunk number: 815 for partition 0
Created chunk number: 816 for partition 0
Created chunk number: 817 for partition 0
Created chunk number: 818 for partition 0
Created chunk number: 819 for partition 0
Created chunk number: 820 for partition 0
Created chunk number: 821 for partition 0
Created chunk number: 822 for partition 0
Created chunk number: 823 for partition 0
Created chunk number: 824 for partition 0
Created chunk number: 825 for partition 0
Created chunk number: 826 for partition 0
Created chunk number: 827 for partition 0
Created chunk number: 828 for partition 0
Created chunk number: 829 for partition 0
Created chunk number: 830 for partition 0
Created chunk number: 831 for partition 0
Created chunk number: 832 for partition 0
Created chunk number: 833 for partition 0
Created chunk number: 834 for partition 0
Created chunk number: 835 for partition 0
Created chunk number: 836 for partition 0
Created chunk number: 837 for partition 0
Created chunk number: 838 for partition 0
Created chunk number: 839 for partition 0
Created chunk number: 840 for partition 0
Created chunk number: 841 for partition 0
Created chunk number: 842 for partition 0
Created chunk number: 843 for partition 0
Created chunk number: 844 for partition 0
Created chunk number: 845 for partition 0
Created chunk number: 846 for partition 0
Created chunk number: 847 for partition 0
Created chunk number: 848 for partition 0
Created chunk number: 849 for partition 0
Created chunk number: 850 for partition 0
Created chunk number: 851 for partition 0
Created chunk number: 852 for partition 0
Created chunk number: 853 for partition 0
Created chunk number: 854 for partition 0
Created chunk number: 855 for partition 0
Created chunk number: 856 for partition 0
Created chunk number: 857 for partition 0
Created chunk number: 858 for partition 0
Created chunk number: 859 for partition 0
Created chunk number: 860 for partition 0
Created chunk number: 861 for partition 0
Created chunk number: 862 for partition 0
Created chunk number: 863 for partition 0
Created chunk number: 864 for partition 0
Created chunk number: 865 for partition 0
Created chunk number: 866 for partition 0
Created chunk number: 867 for partition 0
Created chunk number: 868 for partition 0
Created chunk number: 869 for partition 0
Created chunk number: 870 for partition 0
Created chunk number: 871 for partition 0
Created chunk number: 872 for partition 0
Created chunk number: 873 for partition 0
Created chunk number: 874 for partition 0
Created chunk number: 875 for partition 0
Created chunk number: 876 for partition 0
Created chunk number: 877 for partition 0
Created chunk number: 878 for partition 0
Created chunk number: 879 for partition 0
Created chunk number: 880 for partition 0
Created chunk number: 881 for partition 0
Created chunk number: 882 for partition 0
Created chunk number: 883 for partition 0
Created chunk number: 884 for partition 0
Created chunk number: 885 for partition 0
Created chunk number: 886 for partition 0
Created chunk number: 887 for partition 0
Created chunk number: 888 for partition 0
Created chunk number: 889 for partition 0
Created chunk number: 890 for partition 0
Created chunk number: 891 for partition 0
Created chunk number: 892 for partition 0
Created chunk number: 893 for partition 0
Created chunk number: 894 for partition 0
Created chunk number: 895 for partition 0
Created chunk number: 896 for partition 0
Created chunk number: 897 for partition 0
Created chunk number: 898 for partition 0
Created chunk number: 899 for partition 0
Created chunk number: 900 for partition 0
Created chunk number: 901 for partition 0
Created chunk number: 902 for partition 0
Created chunk number: 903 for partition 0
Created chunk number: 904 for partition 0
Created chunk number: 905 for partition 0
Created chunk number: 906 for partition 0
Created chunk number: 907 for partition 0
Created chunk number: 908 for partition 0
Created chunk number: 909 for partition 0
Created chunk number: 910 for partition 0
Created chunk number: 911 for partition 0
Created chunk number: 912 for partition 0
Created chunk number: 913 for partition 0
Created chunk number: 914 for partition 0
Created chunk number: 915 for partition 0
Created chunk number: 916 for partition 0
Created chunk number: 917 for partition 0
Created chunk number: 918 for partition 0
Created chunk number: 919 for partition 0
Created chunk number: 920 for partition 0
Created chunk number: 921 for partition 0
Created chunk number: 922 for partition 0
Created chunk number: 923 for partition 0
Created chunk number: 924 for partition 0
Created chunk number: 925 for partition 0
Created chunk number: 926 for partition 0
Created chunk number: 927 for partition 0
Created chunk number: 928 for partition 0
Created chunk number: 929 for partition 0
Created chunk number: 930 for partition 0
Created chunk number: 931 for partition 0
Created chunk number: 932 for partition 0
Created chunk number: 933 for partition 0
Created chunk number: 934 for partition 0
Created chunk number: 935 for partition 0
Created chunk number: 936 for partition 0
Created chunk number: 937 for partition 0
Created chunk number: 938 for partition 0
Created chunk number: 939 for partition 0
Created chunk number: 940 for partition 0
Created chunk number: 941 for partition 0
Created chunk number: 942 for partition 0
Created chunk number: 943 for partition 0
Created chunk number: 944 for partition 0
Created chunk number: 945 for partition 0
Created chunk number: 946 for partition 0
Created chunk number: 947 for partition 0
Created chunk number: 948 for partition 0
Created chunk number: 949 for partition 0
Created chunk number: 950 for partition 0
Created chunk number: 951 for partition 0
Created chunk number: 952 for partition 0
Created chunk number: 953 for partition 0
Created chunk number: 954 for partition 0
Created chunk number: 955 for partition 0
Created chunk number: 956 for partition 0
Created chunk number: 957 for partition 0
Created chunk number: 958 for partition 0
Created chunk number: 959 for partition 0
Created chunk number: 960 for partition 0
Created chunk number: 961 for partition 0
Created chunk number: 962 for partition 0
Created chunk number: 963 for partition 0
Created chunk number: 964 for partition 0
Created chunk number: 965 for partition 0
Created chunk number: 966 for partition 0
Created chunk number: 967 for partition 0
Created chunk number: 968 for partition 0
Created chunk number: 969 for partition 0
Created chunk number: 970 for partition 0
Created chunk number: 971 for partition 0
Created chunk number: 972 for partition 0
Created chunk number: 973 for partition 0
Created chunk number: 974 for partition 0
Created chunk number: 975 for partition 0
Created chunk number: 976 for partition 0
Created chunk number: 977 for partition 0
Created chunk number: 978 for partition 0
Created chunk number: 979 for partition 0
Created chunk number: 980 for partition 0
Created chunk number: 981 for partition 0
Created chunk number: 982 for partition 0
Created chunk number: 983 for partition 0
Created chunk number: 984 for partition 0
Created chunk number: 985 for partition 0
Created chunk number: 986 for partition 0
Created chunk number: 987 for partition 0
Created chunk number: 988 for partition 0
Created chunk number: 989 for partition 0
Created chunk number: 990 for partition 0
Created chunk number: 991 for partition 0
Created chunk number: 992 for partition 0
Created chunk number: 993 for partition 0
Created chunk number: 994 for partition 0
Created chunk number: 995 for partition 0
Created chunk number: 996 for partition 0
Created chunk number: 997 for partition 0
Created chunk number: 998 for partition 0
Created chunk number: 999 for partition 0
Created chunk number: 1000 for partition 0
Created chunk number: 1001 for partition 0
