mkdir: /var/log/kafka: Permission denied
Java HotSpot(TM) 64-Bit Server VM warning: Cannot open file /var/log/kafka/zookeeper-gc.log due to No such file or directory

log4j:ERROR setFile(null,true) call failed.
java.io.FileNotFoundException: /var/log/kafka/server.log (No such file or directory)
	at java.io.FileOutputStream.open0(Native Method)
	at java.io.FileOutputStream.open(FileOutputStream.java:270)
	at java.io.FileOutputStream.<init>(FileOutputStream.java:213)
	at java.io.FileOutputStream.<init>(FileOutputStream.java:133)
	at org.apache.log4j.FileAppender.setFile(FileAppender.java:294)
	at org.apache.log4j.FileAppender.activateOptions(FileAppender.java:165)
	at org.apache.log4j.DailyRollingFileAppender.activateOptions(DailyRollingFileAppender.java:223)
	at org.apache.log4j.config.PropertySetter.activate(PropertySetter.java:307)
	at org.apache.log4j.config.PropertySetter.setProperties(PropertySetter.java:172)
	at org.apache.log4j.config.PropertySetter.setProperties(PropertySetter.java:104)
	at org.apache.log4j.PropertyConfigurator.parseAppender(PropertyConfigurator.java:842)
	at org.apache.log4j.PropertyConfigurator.parseCategory(PropertyConfigurator.java:768)
	at org.apache.log4j.PropertyConfigurator.configureRootCategory(PropertyConfigurator.java:648)
	at org.apache.log4j.PropertyConfigurator.doConfigure(PropertyConfigurator.java:514)
	at org.apache.log4j.PropertyConfigurator.doConfigure(PropertyConfigurator.java:580)
	at org.apache.log4j.helpers.OptionConverter.selectAndConfigure(OptionConverter.java:526)
	at org.apache.log4j.LogManager.<clinit>(LogManager.java:127)
	at org.slf4j.impl.Log4jLoggerFactory.<init>(Log4jLoggerFactory.java:66)
	at org.slf4j.impl.StaticLoggerBinder.<init>(StaticLoggerBinder.java:72)
	at org.slf4j.impl.StaticLoggerBinder.<clinit>(StaticLoggerBinder.java:45)
	at org.slf4j.LoggerFactory.bind(LoggerFactory.java:150)
	at org.slf4j.LoggerFactory.performInitialization(LoggerFactory.java:124)
	at org.slf4j.LoggerFactory.getILoggerFactory(LoggerFactory.java:412)
	at org.slf4j.LoggerFactory.getLogger(LoggerFactory.java:357)
	at org.slf4j.LoggerFactory.getLogger(LoggerFactory.java:383)
	at org.apache.zookeeper.server.quorum.QuorumPeerMain.<clinit>(QuorumPeerMain.java:67)
log4j:ERROR Either File or DatePattern options are not set for appender [kafkaAppender].
log4j:ERROR setFile(null,true) call failed.
java.io.FileNotFoundException: /var/log/kafka/metadata-service.log (No such file or directory)
	at java.io.FileOutputStream.open0(Native Method)
	at java.io.FileOutputStream.open(FileOutputStream.java:270)
	at java.io.FileOutputStream.<init>(FileOutputStream.java:213)
	at java.io.FileOutputStream.<init>(FileOutputStream.java:133)
	at org.apache.log4j.FileAppender.setFile(FileAppender.java:294)
	at org.apache.log4j.FileAppender.activateOptions(FileAppender.java:165)
	at org.apache.log4j.DailyRollingFileAppender.activateOptions(DailyRollingFileAppender.java:223)
	at org.apache.log4j.config.PropertySetter.activate(PropertySetter.java:307)
	at org.apache.log4j.config.PropertySetter.setProperties(PropertySetter.java:172)
	at org.apache.log4j.config.PropertySetter.setProperties(PropertySetter.java:104)
	at org.apache.log4j.PropertyConfigurator.parseAppender(PropertyConfigurator.java:842)
	at org.apache.log4j.PropertyConfigurator.parseCategory(PropertyConfigurator.java:768)
	at org.apache.log4j.PropertyConfigurator.parseCatsAndRenderers(PropertyConfigurator.java:672)
	at org.apache.log4j.PropertyConfigurator.doConfigure(PropertyConfigurator.java:516)
	at org.apache.log4j.PropertyConfigurator.doConfigure(PropertyConfigurator.java:580)
	at org.apache.log4j.helpers.OptionConverter.selectAndConfigure(OptionConverter.java:526)
	at org.apache.log4j.LogManager.<clinit>(LogManager.java:127)
	at org.slf4j.impl.Log4jLoggerFactory.<init>(Log4jLoggerFactory.java:66)
	at org.slf4j.impl.StaticLoggerBinder.<init>(StaticLoggerBinder.java:72)
	at org.slf4j.impl.StaticLoggerBinder.<clinit>(StaticLoggerBinder.java:45)
	at org.slf4j.LoggerFactory.bind(LoggerFactory.java:150)
	at org.slf4j.LoggerFactory.performInitialization(LoggerFactory.java:124)
	at org.slf4j.LoggerFactory.getILoggerFactory(LoggerFactory.java:412)
	at org.slf4j.LoggerFactory.getLogger(LoggerFactory.java:357)
	at org.slf4j.LoggerFactory.getLogger(LoggerFactory.java:383)
	at org.apache.zookeeper.server.quorum.QuorumPeerMain.<clinit>(QuorumPeerMain.java:67)
log4j:ERROR Either File or DatePattern options are not set for appender [metadataServiceAppender].
log4j:ERROR setFile(null,true) call failed.
java.io.FileNotFoundException: /var/log/kafka/kafka-request.log (No such file or directory)
	at java.io.FileOutputStream.open0(Native Method)
	at java.io.FileOutputStream.open(FileOutputStream.java:270)
	at java.io.FileOutputStream.<init>(FileOutputStream.java:213)
	at java.io.FileOutputStream.<init>(FileOutputStream.java:133)
	at org.apache.log4j.FileAppender.setFile(FileAppender.java:294)
	at org.apache.log4j.FileAppender.activateOptions(FileAppender.java:165)
	at org.apache.log4j.DailyRollingFileAppender.activateOptions(DailyRollingFileAppender.java:223)
	at org.apache.log4j.config.PropertySetter.activate(PropertySetter.java:307)
	at org.apache.log4j.config.PropertySetter.setProperties(PropertySetter.java:172)
	at org.apache.log4j.config.PropertySetter.setProperties(PropertySetter.java:104)
	at org.apache.log4j.PropertyConfigurator.parseAppender(PropertyConfigurator.java:842)
	at org.apache.log4j.PropertyConfigurator.parseCategory(PropertyConfigurator.java:768)
	at org.apache.log4j.PropertyConfigurator.parseCatsAndRenderers(PropertyConfigurator.java:672)
	at org.apache.log4j.PropertyConfigurator.doConfigure(PropertyConfigurator.java:516)
	at org.apache.log4j.PropertyConfigurator.doConfigure(PropertyConfigurator.java:580)
	at org.apache.log4j.helpers.OptionConverter.selectAndConfigure(OptionConverter.java:526)
	at org.apache.log4j.LogManager.<clinit>(LogManager.java:127)
	at org.slf4j.impl.Log4jLoggerFactory.<init>(Log4jLoggerFactory.java:66)
	at org.slf4j.impl.StaticLoggerBinder.<init>(StaticLoggerBinder.java:72)
	at org.slf4j.impl.StaticLoggerBinder.<clinit>(StaticLoggerBinder.java:45)
	at org.slf4j.LoggerFactory.bind(LoggerFactory.java:150)
	at org.slf4j.LoggerFactory.performInitialization(LoggerFactory.java:124)
	at org.slf4j.LoggerFactory.getILoggerFactory(LoggerFactory.java:412)
	at org.slf4j.LoggerFactory.getLogger(LoggerFactory.java:357)
	at org.slf4j.LoggerFactory.getLogger(LoggerFactory.java:383)
	at org.apache.zookeeper.server.quorum.QuorumPeerMain.<clinit>(QuorumPeerMain.java:67)
log4j:ERROR Either File or DatePattern options are not set for appender [requestAppender].
log4j:ERROR setFile(null,true) call failed.
java.io.FileNotFoundException: /var/log/kafka/kafka-authorizer.log (No such file or directory)
	at java.io.FileOutputStream.open0(Native Method)
	at java.io.FileOutputStream.open(FileOutputStream.java:270)
	at java.io.FileOutputStream.<init>(FileOutputStream.java:213)
	at java.io.FileOutputStream.<init>(FileOutputStream.java:133)
	at org.apache.log4j.FileAppender.setFile(FileAppender.java:294)
	at org.apache.log4j.FileAppender.activateOptions(FileAppender.java:165)
	at org.apache.log4j.DailyRollingFileAppender.activateOptions(DailyRollingFileAppender.java:223)
	at org.apache.log4j.config.PropertySetter.activate(PropertySetter.java:307)
	at org.apache.log4j.config.PropertySetter.setProperties(PropertySetter.java:172)
	at org.apache.log4j.config.PropertySetter.setProperties(PropertySetter.java:104)
	at org.apache.log4j.PropertyConfigurator.parseAppender(PropertyConfigurator.java:842)
	at org.apache.log4j.PropertyConfigurator.parseCategory(PropertyConfigurator.java:768)
	at org.apache.log4j.PropertyConfigurator.parseCatsAndRenderers(PropertyConfigurator.java:672)
	at org.apache.log4j.PropertyConfigurator.doConfigure(PropertyConfigurator.java:516)
	at org.apache.log4j.PropertyConfigurator.doConfigure(PropertyConfigurator.java:580)
	at org.apache.log4j.helpers.OptionConverter.selectAndConfigure(OptionConverter.java:526)
	at org.apache.log4j.LogManager.<clinit>(LogManager.java:127)
	at org.slf4j.impl.Log4jLoggerFactory.<init>(Log4jLoggerFactory.java:66)
	at org.slf4j.impl.StaticLoggerBinder.<init>(StaticLoggerBinder.java:72)
	at org.slf4j.impl.StaticLoggerBinder.<clinit>(StaticLoggerBinder.java:45)
	at org.slf4j.LoggerFactory.bind(LoggerFactory.java:150)
	at org.slf4j.LoggerFactory.performInitialization(LoggerFactory.java:124)
	at org.slf4j.LoggerFactory.getILoggerFactory(LoggerFactory.java:412)
	at org.slf4j.LoggerFactory.getLogger(LoggerFactory.java:357)
	at org.slf4j.LoggerFactory.getLogger(LoggerFactory.java:383)
	at org.apache.zookeeper.server.quorum.QuorumPeerMain.<clinit>(QuorumPeerMain.java:67)
log4j:ERROR Either File or DatePattern options are not set for appender [authorizerAppender].
log4j:ERROR setFile(null,true) call failed.
java.io.FileNotFoundException: /var/log/kafka/controller.log (No such file or directory)
	at java.io.FileOutputStream.open0(Native Method)
	at java.io.FileOutputStream.open(FileOutputStream.java:270)
	at java.io.FileOutputStream.<init>(FileOutputStream.java:213)
	at java.io.FileOutputStream.<init>(FileOutputStream.java:133)
	at org.apache.log4j.FileAppender.setFile(FileAppender.java:294)
	at org.apache.log4j.FileAppender.activateOptions(FileAppender.java:165)
	at org.apache.log4j.DailyRollingFileAppender.activateOptions(DailyRollingFileAppender.java:223)
	at org.apache.log4j.config.PropertySetter.activate(PropertySetter.java:307)
	at org.apache.log4j.config.PropertySetter.setProperties(PropertySetter.java:172)
	at org.apache.log4j.config.PropertySetter.setProperties(PropertySetter.java:104)
	at org.apache.log4j.PropertyConfigurator.parseAppender(PropertyConfigurator.java:842)
	at org.apache.log4j.PropertyConfigurator.parseCategory(PropertyConfigurator.java:768)
	at org.apache.log4j.PropertyConfigurator.parseCatsAndRenderers(PropertyConfigurator.java:672)
	at org.apache.log4j.PropertyConfigurator.doConfigure(PropertyConfigurator.java:516)
	at org.apache.log4j.PropertyConfigurator.doConfigure(PropertyConfigurator.java:580)
	at org.apache.log4j.helpers.OptionConverter.selectAndConfigure(OptionConverter.java:526)
	at org.apache.log4j.LogManager.<clinit>(LogManager.java:127)
	at org.slf4j.impl.Log4jLoggerFactory.<init>(Log4jLoggerFactory.java:66)
	at org.slf4j.impl.StaticLoggerBinder.<init>(StaticLoggerBinder.java:72)
	at org.slf4j.impl.StaticLoggerBinder.<clinit>(StaticLoggerBinder.java:45)
	at org.slf4j.LoggerFactory.bind(LoggerFactory.java:150)
	at org.slf4j.LoggerFactory.performInitialization(LoggerFactory.java:124)
	at org.slf4j.LoggerFactory.getILoggerFactory(LoggerFactory.java:412)
	at org.slf4j.LoggerFactory.getLogger(LoggerFactory.java:357)
	at org.slf4j.LoggerFactory.getLogger(LoggerFactory.java:383)
	at org.apache.zookeeper.server.quorum.QuorumPeerMain.<clinit>(QuorumPeerMain.java:67)
log4j:ERROR Either File or DatePattern options are not set for appender [controllerAppender].
log4j:ERROR setFile(null,true) call failed.
java.io.FileNotFoundException: /var/log/kafka/log-cleaner.log (No such file or directory)
	at java.io.FileOutputStream.open0(Native Method)
	at java.io.FileOutputStream.open(FileOutputStream.java:270)
	at java.io.FileOutputStream.<init>(FileOutputStream.java:213)
	at java.io.FileOutputStream.<init>(FileOutputStream.java:133)
	at org.apache.log4j.FileAppender.setFile(FileAppender.java:294)
	at org.apache.log4j.FileAppender.activateOptions(FileAppender.java:165)
	at org.apache.log4j.DailyRollingFileAppender.activateOptions(DailyRollingFileAppender.java:223)
	at org.apache.log4j.config.PropertySetter.activate(PropertySetter.java:307)
	at org.apache.log4j.config.PropertySetter.setProperties(PropertySetter.java:172)
	at org.apache.log4j.config.PropertySetter.setProperties(PropertySetter.java:104)
	at org.apache.log4j.PropertyConfigurator.parseAppender(PropertyConfigurator.java:842)
	at org.apache.log4j.PropertyConfigurator.parseCategory(PropertyConfigurator.java:768)
	at org.apache.log4j.PropertyConfigurator.parseCatsAndRenderers(PropertyConfigurator.java:672)
	at org.apache.log4j.PropertyConfigurator.doConfigure(PropertyConfigurator.java:516)
	at org.apache.log4j.PropertyConfigurator.doConfigure(PropertyConfigurator.java:580)
	at org.apache.log4j.helpers.OptionConverter.selectAndConfigure(OptionConverter.java:526)
	at org.apache.log4j.LogManager.<clinit>(LogManager.java:127)
	at org.slf4j.impl.Log4jLoggerFactory.<init>(Log4jLoggerFactory.java:66)
	at org.slf4j.impl.StaticLoggerBinder.<init>(StaticLoggerBinder.java:72)
	at org.slf4j.impl.StaticLoggerBinder.<clinit>(StaticLoggerBinder.java:45)
	at org.slf4j.LoggerFactory.bind(LoggerFactory.java:150)
	at org.slf4j.LoggerFactory.performInitialization(LoggerFactory.java:124)
	at org.slf4j.LoggerFactory.getILoggerFactory(LoggerFactory.java:412)
	at org.slf4j.LoggerFactory.getLogger(LoggerFactory.java:357)
	at org.slf4j.LoggerFactory.getLogger(LoggerFactory.java:383)
	at org.apache.zookeeper.server.quorum.QuorumPeerMain.<clinit>(QuorumPeerMain.java:67)
log4j:ERROR Either File or DatePattern options are not set for appender [cleanerAppender].
log4j:ERROR setFile(null,true) call failed.
java.io.FileNotFoundException: /var/log/kafka/state-change.log (No such file or directory)
	at java.io.FileOutputStream.open0(Native Method)
	at java.io.FileOutputStream.open(FileOutputStream.java:270)
	at java.io.FileOutputStream.<init>(FileOutputStream.java:213)
	at java.io.FileOutputStream.<init>(FileOutputStream.java:133)
	at org.apache.log4j.FileAppender.setFile(FileAppender.java:294)
	at org.apache.log4j.FileAppender.activateOptions(FileAppender.java:165)
	at org.apache.log4j.DailyRollingFileAppender.activateOptions(DailyRollingFileAppender.java:223)
	at org.apache.log4j.config.PropertySetter.activate(PropertySetter.java:307)
	at org.apache.log4j.config.PropertySetter.setProperties(PropertySetter.java:172)
	at org.apache.log4j.config.PropertySetter.setProperties(PropertySetter.java:104)
	at org.apache.log4j.PropertyConfigurator.parseAppender(PropertyConfigurator.java:842)
	at org.apache.log4j.PropertyConfigurator.parseCategory(PropertyConfigurator.java:768)
	at org.apache.log4j.PropertyConfigurator.parseCatsAndRenderers(PropertyConfigurator.java:672)
	at org.apache.log4j.PropertyConfigurator.doConfigure(PropertyConfigurator.java:516)
	at org.apache.log4j.PropertyConfigurator.doConfigure(PropertyConfigurator.java:580)
	at org.apache.log4j.helpers.OptionConverter.selectAndConfigure(OptionConverter.java:526)
	at org.apache.log4j.LogManager.<clinit>(LogManager.java:127)
	at org.slf4j.impl.Log4jLoggerFactory.<init>(Log4jLoggerFactory.java:66)
	at org.slf4j.impl.StaticLoggerBinder.<init>(StaticLoggerBinder.java:72)
	at org.slf4j.impl.StaticLoggerBinder.<clinit>(StaticLoggerBinder.java:45)
	at org.slf4j.LoggerFactory.bind(LoggerFactory.java:150)
	at org.slf4j.LoggerFactory.performInitialization(LoggerFactory.java:124)
	at org.slf4j.LoggerFactory.getILoggerFactory(LoggerFactory.java:412)
	at org.slf4j.LoggerFactory.getLogger(LoggerFactory.java:357)
	at org.slf4j.LoggerFactory.getLogger(LoggerFactory.java:383)
	at org.apache.zookeeper.server.quorum.QuorumPeerMain.<clinit>(QuorumPeerMain.java:67)
log4j:ERROR Either File or DatePattern options are not set for appender [stateChangeAppender].
[2022-02-02 00:07:48,038] INFO Reading configuration from: /Users/samuelelanghi/Documents/platforms/confluent-5.3.1/etc/kafka/zookeeper.properties (org.apache.zookeeper.server.quorum.QuorumPeerConfig)
[2022-02-02 00:07:48,041] INFO autopurge.snapRetainCount set to 3 (org.apache.zookeeper.server.DatadirCleanupManager)
[2022-02-02 00:07:48,042] INFO autopurge.purgeInterval set to 0 (org.apache.zookeeper.server.DatadirCleanupManager)
[2022-02-02 00:07:48,042] INFO Purge task is not scheduled. (org.apache.zookeeper.server.DatadirCleanupManager)
[2022-02-02 00:07:48,042] WARN Either no config or no quorum defined in config, running  in standalone mode (org.apache.zookeeper.server.quorum.QuorumPeerMain)
[2022-02-02 00:07:48,058] INFO Reading configuration from: /Users/samuelelanghi/Documents/platforms/confluent-5.3.1/etc/kafka/zookeeper.properties (org.apache.zookeeper.server.quorum.QuorumPeerConfig)
[2022-02-02 00:07:48,059] INFO Starting server (org.apache.zookeeper.server.ZooKeeperServerMain)
[2022-02-02 00:07:48,085] INFO Server environment:zookeeper.version=3.4.14-4c25d480e66aadd371de8bd2fd8da255ac140bcf, built on 03/06/2019 16:18 GMT (org.apache.zookeeper.server.ZooKeeperServer)
[2022-02-02 00:07:48,085] INFO Server environment:host.name=192.168.1.31 (org.apache.zookeeper.server.ZooKeeperServer)
[2022-02-02 00:07:48,085] INFO Server environment:java.version=1.8.0_152 (org.apache.zookeeper.server.ZooKeeperServer)
[2022-02-02 00:07:48,085] INFO Server environment:java.vendor=Oracle Corporation (org.apache.zookeeper.server.ZooKeeperServer)
[2022-02-02 00:07:48,085] INFO Server environment:java.home=/Library/Java/JavaVirtualMachines/jdk1.8.0_152.jdk/Contents/Home/jre (org.apache.zookeeper.server.ZooKeeperServer)
[2022-02-02 00:07:48,085] INFO Server environment:java.class.path=/Users/samuelelanghi/Documents/platforms/confluent-5.3.1/bin/../ce-broker-plugins/build/libs/*:/Users/samuelelanghi/Documents/platforms/confluent-5.3.1/bin/../ce-broker-plugins/build/dependant-libs/*:/Users/samuelelanghi/Documents/platforms/confluent-5.3.1/bin/../ce-auth-providers/build/libs/*:/Users/samuelelanghi/Documents/platforms/confluent-5.3.1/bin/../ce-auth-providers/build/dependant-libs/*:/Users/samuelelanghi/Documents/platforms/confluent-5.3.1/bin/../share/java/kafka/jetty-util-9.4.18.v20190429.jar:/Users/samuelelanghi/Documents/platforms/confluent-5.3.1/bin/../share/java/kafka/slf4j-log4j12-1.7.26.jar:/Users/samuelelanghi/Documents/platforms/confluent-5.3.1/bin/../share/java/kafka/jetty-server-9.4.18.v20190429.jar:/Users/samuelelanghi/Documents/platforms/confluent-5.3.1/bin/../share/java/kafka/gson-2.8.5.jar:/Users/samuelelanghi/Documents/platforms/confluent-5.3.1/bin/../share/java/kafka/protobuf-java-3.4.0.jar:/Users/samuelelanghi/Documents/platforms/confluent-5.3.1/bin/../share/java/kafka/support-metrics-common-5.3.1-ce.jar:/Users/samuelelanghi/Documents/platforms/confluent-5.3.1/bin/../share/java/kafka/commons-logging-1.2.jar:/Users/samuelelanghi/Documents/platforms/confluent-5.3.1/bin/../share/java/kafka/jackson-core-2.9.9.jar:/Users/samuelelanghi/Documents/platforms/confluent-5.3.1/bin/../share/java/kafka/reflections-0.9.11.jar:/Users/samuelelanghi/Documents/platforms/confluent-5.3.1/bin/../share/java/kafka/xz-1.5.jar:/Users/samuelelanghi/Documents/platforms/confluent-5.3.1/bin/../share/java/kafka/kafka_2.12-5.3.1-ce-scaladoc.jar:/Users/samuelelanghi/Documents/platforms/confluent-5.3.1/bin/../share/java/kafka/jopt-simple-5.0.4.jar:/Users/samuelelanghi/Documents/platforms/confluent-5.3.1/bin/../share/java/kafka/kafka-tools-5.3.1-ce.jar:/Users/samuelelanghi/Documents/platforms/confluent-5.3.1/bin/../share/java/kafka/jetty-servlets-9.4.18.v20190429.jar:/Users/samuelelanghi/Documents/platforms/confluent-5.3.1/bin/../share/java/kafka/jersey-client-2.28.jar:/Users/samuelelanghi/Documents/platforms/confluent-5.3.1/bin/../share/java/kafka/connect-runtime-5.3.1-ce.jar:/Users/samuelelanghi/Documents/platforms/confluent-5.3.1/bin/../share/java/kafka/rest-authorizer-5.3.1-ce.jar:/Users/samuelelanghi/Documents/platforms/confluent-5.3.1/bin/../share/java/kafka/hk2-locator-2.5.0.jar:/Users/samuelelanghi/Documents/platforms/confluent-5.3.1/bin/../share/java/kafka/scala-java8-compat_2.12-0.9.0.jar:/Users/samuelelanghi/Documents/platforms/confluent-5.3.1/bin/../share/java/kafka/aopalliance-repackaged-2.5.0.jar:/Users/samuelelanghi/Documents/platforms/confluent-5.3.1/bin/../share/java/kafka/slf4j-api-1.7.26.jar:/Users/samuelelanghi/Documents/platforms/confluent-5.3.1/bin/../share/java/kafka/httpcore-4.4.11.jar:/Users/samuelelanghi/Documents/platforms/confluent-5.3.1/bin/../share/java/kafka/guava-20.0.jar:/Users/samuelelanghi/Documents/platforms/confluent-5.3.1/bin/../share/java/kafka/kafka_2.12-5.3.1-ce-javadoc.jar:/Users/samuelelanghi/Documents/platforms/confluent-5.3.1/bin/../share/java/kafka/argparse4j-0.7.0.jar:/Users/samuelelanghi/Documents/platforms/confluent-5.3.1/bin/../share/java/kafka/activation-1.1.1.jar:/Users/samuelelanghi/Documents/platforms/confluent-5.3.1/bin/../share/java/kafka/jline-0.9.94.jar:/Users/samuelelanghi/Documents/platforms/confluent-5.3.1/bin/../share/java/kafka/spotbugs-annotations-3.1.9.jar:/Users/samuelelanghi/Documents/platforms/confluent-5.3.1/bin/../share/java/kafka/httpcore-4.4.9.jar:/Users/samuelelanghi/Documents/platforms/confluent-5.3.1/bin/../share/java/kafka/rocksdbjni-5.18.3.jar:/Users/samuelelanghi/Documents/platforms/confluent-5.3.1/bin/../share/java/kafka/jetty-io-9.4.18.v20190429.jar:/Users/samuelelanghi/Documents/platforms/confluent-5.3.1/bin/../share/java/kafka/httpclient-4.5.5.jar:/Users/samuelelanghi/Documents/platforms/confluent-5.3.1/bin/../share/java/kafka/zookeeper-3.4.14.jar:/Users/samuelelanghi/Documents/platforms/confluent-5.3.1/bin/../share/java/kafka/zstd-jni-1.4.0-1.jar:/Users/samuelelanghi/Documents/platforms/confluent-5.3.1/bin/../share/java/kafka/javax.servlet-api-3.1.0.jar:/Users/samuelelanghi/Documents/platforms/confluent-5.3.1/bin/../share/java/kafka/connect-basic-auth-extension-5.3.1-ce.jar:/Users/samuelelanghi/Documents/platforms/confluent-5.3.1/bin/../share/java/kafka/jackson-jaxrs-json-provider-2.9.9.jar:/Users/samuelelanghi/Documents/platforms/confluent-5.3.1/bin/../share/java/kafka/log4j-1.2.17.jar:/Users/samuelelanghi/Documents/platforms/confluent-5.3.1/bin/../share/java/kafka/jersey-hk2-2.28.jar:/Users/samuelelanghi/Documents/platforms/confluent-5.3.1/bin/../share/java/kafka/support-metrics-client-5.3.1-ce.jar:/Users/samuelelanghi/Documents/platforms/confluent-5.3.1/bin/../share/java/kafka/jackson-module-jaxb-annotations-2.9.9.jar:/Users/samuelelanghi/Documents/platforms/confluent-5.3.1/bin/../share/java/kafka/ion-java-1.0.2.jar:/Users/samuelelanghi/Documents/platforms/confluent-5.3.1/bin/../share/java/kafka/aws-java-sdk-core-1.11.475.jar:/Users/samuelelanghi/Documents/platforms/confluent-5.3.1/bin/../share/java/kafka/jackson-module-paranamer-2.9.9.jar:/Users/samuelelanghi/Documents/platforms/confluent-5.3.1/bin/../share/java/kafka/maven-artifact-3.6.1.jar:/Users/samuelelanghi/Documents/platforms/confluent-5.3.1/bin/../share/java/kafka/httpclient-4.5.7.jar:/Users/samuelelanghi/Documents/platforms/confluent-5.3.1/bin/../share/java/kafka/jersey-container-servlet-core-2.28.jar:/Users/samuelelanghi/Documents/platforms/confluent-5.3.1/bin/../share/java/kafka/flatbuffers-java-1.9.0.jar:/Users/samuelelanghi/Documents/platforms/confluent-5.3.1/bin/../share/java/kafka/zkclient-0.11.jar:/Users/samuelelanghi/Documents/platforms/confluent-5.3.1/bin/../share/java/kafka/scala-logging_2.12-3.9.0.jar:/Users/samuelelanghi/Documents/platforms/confluent-5.3.1/bin/../share/java/kafka/jetty-continuation-9.4.18.v20190429.jar:/Users/samuelelanghi/Documents/platforms/confluent-5.3.1/bin/../share/java/kafka/kafka-streams-scala_2.12-5.3.1-ce.jar:/Users/samuelelanghi/Documents/platforms/confluent-5.3.1/bin/../share/java/kafka/rbac-5.3.1-ce.jar:/Users/samuelelanghi/Documents/platforms/confluent-5.3.1/bin/../share/java/kafka/confluent-metrics-5.3.1-ce.jar:/Users/samuelelanghi/Documents/platforms/confluent-5.3.1/bin/../share/java/kafka/plexus-utils-3.2.0.jar:/Users/samuelelanghi/Documents/platforms/confluent-5.3.1/bin/../share/java/kafka/kafka-log4j-appender-5.3.1-ce.jar:/Users/samuelelanghi/Documents/platforms/confluent-5.3.1/bin/../share/java/kafka/connect-transforms-5.3.1-ce.jar:/Users/samuelelanghi/Documents/platforms/confluent-5.3.1/bin/../share/java/kafka/support-metrics-fullcollector-5.3.1-ce.jar:/Users/samuelelanghi/Documents/platforms/confluent-5.3.1/bin/../share/java/kafka/jakarta.ws.rs-api-2.1.5.jar:/Users/samuelelanghi/Documents/platforms/confluent-5.3.1/bin/../share/java/kafka/jose4j-0.6.4.jar:/Users/samuelelanghi/Documents/platforms/confluent-5.3.1/bin/../share/java/kafka/javassist-3.22.0-CR2.jar:/Users/samuelelanghi/Documents/platforms/confluent-5.3.1/bin/../share/java/kafka/paranamer-2.8.jar:/Users/samuelelanghi/Documents/platforms/confluent-5.3.1/bin/../share/java/kafka/broker-plugins-5.3.1-ce.jar:/Users/samuelelanghi/Documents/platforms/confluent-5.3.1/bin/../share/java/kafka/jersey-container-servlet-2.28.jar:/Users/samuelelanghi/Documents/platforms/confluent-5.3.1/bin/../share/java/kafka/jaxb-api-2.3.0.jar:/Users/samuelelanghi/Documents/platforms/confluent-5.3.1/bin/../share/java/kafka/snappy-java-1.1.7.3.jar:/Users/samuelelanghi/Documents/platforms/confluent-5.3.1/bin/../share/java/kafka/commons-compress-1.8.1.jar:/Users/samuelelanghi/Documents/platforms/confluent-5.3.1/bin/../share/java/kafka/metrics-core-2.2.0.jar:/Users/samuelelanghi/Documents/platforms/confluent-5.3.1/bin/../share/java/kafka/jackson-core-asl-1.9.13.jar:/Users/samuelelanghi/Documents/platforms/confluent-5.3.1/bin/../share/java/kafka/osgi-resource-locator-1.0.1.jar:/Users/samuelelanghi/Documents/platforms/confluent-5.3.1/bin/../share/java/kafka/aws-java-sdk-s3-1.11.475.jar:/Users/samuelelanghi/Documents/platforms/confluent-5.3.1/bin/../share/java/kafka/commons-codec-1.11.jar:/Users/samuelelanghi/Documents/platforms/confluent-5.3.1/bin/../share/java/kafka/validation-api-2.0.1.Final.jar:/Users/samuelelanghi/Documents/platforms/confluent-5.3.1/bin/../share/java/kafka/kafka-client-plugins-5.3.1-ce.jar:/Users/samuelelanghi/Documents/platforms/confluent-5.3.1/bin/../share/java/kafka/paranamer-2.7.jar:/Users/samuelelanghi/Documents/platforms/confluent-5.3.1/bin/../share/java/kafka/commons-codec-1.10.jar:/Users/samuelelanghi/Documents/platforms/confluent-5.3.1/bin/../share/java/kafka/jetty-security-9.4.18.v20190429.jar:/Users/samuelelanghi/Documents/platforms/confluent-5.3.1/bin/../share/java/kafka/jersey-server-2.28.jar:/Users/samuelelanghi/Documents/platforms/confluent-5.3.1/bin/../share/java/kafka/audience-annotations-0.5.0.jar:/Users/samuelelanghi/Documents/platforms/confluent-5.3.1/bin/../share/java/kafka/javax.ws.rs-api-2.1.1.jar:/Users/samuelelanghi/Documents/platforms/confluent-5.3.1/bin/../share/java/kafka/connect-file-5.3.1-ce.jar:/Users/samuelelanghi/Documents/platforms/confluent-5.3.1/bin/../share/java/kafka/jackson-annotations-2.9.9.jar:/Users/samuelelanghi/Documents/platforms/confluent-5.3.1/bin/../share/java/kafka/connect-json-5.3.1-ce.jar:/Users/samuelelanghi/Documents/platforms/confluent-5.3.1/bin/../share/java/kafka/jetty-client-9.4.18.v20190429.jar:/Users/samuelelanghi/Documents/platforms/confluent-5.3.1/bin/../share/java/kafka/jackson-module-scala_2.12-2.9.9.jar:/Users/samuelelanghi/Documents/platforms/confluent-5.3.1/bin/../share/java/kafka/connect-api-5.3.1-ce.jar:/Users/samuelelanghi/Documents/platforms/confluent-5.3.1/bin/../share/java/kafka/kafka-streams-examples-5.3.1-ce.jar:/Users/samuelelanghi/Documents/platforms/confluent-5.3.1/bin/../share/java/kafka/jackson-dataformat-csv-2.9.9.jar:/Users/samuelelanghi/Documents/platforms/confluent-5.3.1/bin/../share/java/kafka/jackson-dataformat-cbor-2.6.7.jar:/Users/samuelelanghi/Documents/platforms/confluent-5.3.1/bin/../share/java/kafka/kafka-streams-5.3.1-ce.jar:/Users/samuelelanghi/Documents/platforms/confluent-5.3.1/bin/../share/java/kafka/jmespath-java-1.11.475.jar:/Users/samuelelanghi/Documents/platforms/confluent-5.3.1/bin/../share/java/kafka/jakarta.annotation-api-1.3.4.jar:/Users/samuelelanghi/Documents/platforms/confluent-5.3.1/bin/../share/java/kafka/joda-time-2.8.1.jar:/Users/samuelelanghi/Documents/platforms/confluent-5.3.1/bin/../share/java/kafka/jbcrypt-0.4.jar:/Users/samuelelanghi/Documents/platforms/confluent-5.3.1/bin/../share/java/kafka/jetty-http-9.4.18.v20190429.jar:/Users/samuelelanghi/Documents/platforms/confluent-5.3.1/bin/../share/java/kafka/auth-providers-5.3.1-ce.jar:/Users/samuelelanghi/Documents/platforms/confluent-5.3.1/bin/../share/java/kafka/jersey-media-jaxb-2.28.jar:/Users/samuelelanghi/Documents/platforms/confluent-5.3.1/bin/../share/java/kafka/scala-library-2.12.8.jar:/Users/samuelelanghi/Documents/platforms/confluent-5.3.1/bin/../share/java/kafka/kafka_2.12-5.3.1-ce.jar:/Users/samuelelanghi/Documents/platforms/confluent-5.3.1/bin/../share/java/kafka/kafka_2.12-5.3.1-ce-test.jar:/Users/samuelelanghi/Documents/platforms/confluent-5.3.1/bin/../share/java/kafka/scala-reflect-2.12.8.jar:/Users/samuelelanghi/Documents/platforms/confluent-5.3.1/bin/../share/java/kafka/lz4-java-1.6.0.jar:/Users/samuelelanghi/Documents/platforms/confluent-5.3.1/bin/../share/java/kafka/httpmime-4.5.7.jar:/Users/samuelelanghi/Documents/platforms/confluent-5.3.1/bin/../share/java/kafka/kafka-clients-5.3.1-ce.jar:/Users/samuelelanghi/Documents/platforms/confluent-5.3.1/bin/../share/java/kafka/avro-1.8.1.jar:/Users/samuelelanghi/Documents/platforms/confluent-5.3.1/bin/../share/java/kafka/jakarta.inject-2.5.0.jar:/Users/samuelelanghi/Documents/platforms/confluent-5.3.1/bin/../share/java/kafka/bcprov-jdk15on-1.61.jar:/Users/samuelelanghi/Documents/platforms/confluent-5.3.1/bin/../share/java/kafka/hk2-utils-2.5.0.jar:/Users/samuelelanghi/Documents/platforms/confluent-5.3.1/bin/../share/java/kafka/jersey-common-2.28.jar:/Users/samuelelanghi/Documents/platforms/confluent-5.3.1/bin/../share/java/kafka/authorizer-5.3.1-ce.jar:/Users/samuelelanghi/Documents/platforms/confluent-5.3.1/bin/../share/java/kafka/jackson-datatype-jdk8-2.9.9.jar:/Users/samuelelanghi/Documents/platforms/confluent-5.3.1/bin/../share/java/kafka/jsr305-3.0.2.jar:/Users/samuelelanghi/Documents/platforms/confluent-5.3.1/bin/../share/java/kafka/jackson-mapper-asl-1.9.13.jar:/Users/samuelelanghi/Documents/platforms/confluent-5.3.1/bin/../share/java/kafka/kafka-streams-test-utils-5.3.1-ce.jar:/Users/samuelelanghi/Documents/platforms/confluent-5.3.1/bin/../share/java/kafka/kafka.jar:/Users/samuelelanghi/Documents/platforms/confluent-5.3.1/bin/../share/java/kafka/jetty-servlet-9.4.18.v20190429.jar:/Users/samuelelanghi/Documents/platforms/confluent-5.3.1/bin/../share/java/kafka/hk2-api-2.5.0.jar:/Users/samuelelanghi/Documents/platforms/confluent-5.3.1/bin/../share/java/kafka/commons-lang3-3.8.1.jar:/Users/samuelelanghi/Documents/platforms/confluent-5.3.1/bin/../share/java/kafka/aws-java-sdk-kms-1.11.475.jar:/Users/samuelelanghi/Documents/platforms/confluent-5.3.1/bin/../share/java/kafka/bcpkix-jdk15on-1.61.jar:/Users/samuelelanghi/Documents/platforms/confluent-5.3.1/bin/../share/java/kafka/jackson-databind-2.9.9.3.jar:/Users/samuelelanghi/Documents/platforms/confluent-5.3.1/bin/../share/java/kafka/jackson-jaxrs-base-2.9.9.jar:/Users/samuelelanghi/Documents/platforms/confluent-5.3.1/bin/../share/java/kafka/protobuf-java-util-3.4.0.jar:/Users/samuelelanghi/Documents/platforms/confluent-5.3.1/bin/../share/java/confluent-metadata-service/jetty-util-9.4.18.v20190429.jar:/Users/samuelelanghi/Documents/platforms/confluent-5.3.1/bin/../share/java/confluent-metadata-service/gson-2.8.5.jar:/Users/samuelelanghi/Documents/platforms/confluent-5.3.1/bin/../share/java/confluent-metadata-service/commons-logging-1.2.jar:/Users/samuelelanghi/Documents/platforms/confluent-5.3.1/bin/../share/java/confluent-metadata-service/classmate-1.0.0.jar:/Users/samuelelanghi/Documents/platforms/confluent-5.3.1/bin/../share/java/confluent-metadata-service/javax.el-2.2.4.jar:/Users/samuelelanghi/Documents/platforms/confluent-5.3.1/bin/../share/java/confluent-metadata-service/xz-1.5.jar:/Users/samuelelanghi/Documents/platforms/confluent-5.3.1/bin/../share/java/confluent-metadata-service/jopt-simple-5.0.4.jar:/Users/samuelelanghi/Documents/platforms/confluent-5.3.1/bin/../share/java/confluent-metadata-service/confluent-security-plugins-common-5.3.1.jar:/Users/samuelelanghi/Documents/platforms/confluent-5.3.1/bin/../share/java/confluent-metadata-service/rest-authorizer-5.3.1-ce.jar:/Users/samuelelanghi/Documents/platforms/confluent-5.3.1/bin/../share/java/confluent-metadata-service/scala-java8-compat_2.12-0.9.0.jar:/Users/samuelelanghi/Documents/platforms/confluent-5.3.1/bin/../share/java/confluent-metadata-service/guava-20.0.jar:/Users/samuelelanghi/Documents/platforms/confluent-5.3.1/bin/../share/java/confluent-metadata-service/javax.el-api-2.2.4.jar:/Users/samuelelanghi/Documents/platforms/confluent-5.3.1/bin/../share/java/confluent-metadata-service/jline-0.9.94.jar:/Users/samuelelanghi/Documents/platforms/confluent-5.3.1/bin/../share/java/confluent-metadata-service/spotbugs-annotations-3.1.8.jar:/Users/samuelelanghi/Documents/platforms/confluent-5.3.1/bin/../share/java/confluent-metadata-service/jersey-common-2.27.jar:/Users/samuelelanghi/Documents/platforms/confluent-5.3.1/bin/../share/java/confluent-metadata-service/zookeeper-3.4.14.jar:/Users/samuelelanghi/Documents/platforms/confluent-5.3.1/bin/../share/java/confluent-metadata-service/zstd-jni-1.4.0-1.jar:/Users/samuelelanghi/Documents/platforms/confluent-5.3.1/bin/../share/java/confluent-metadata-service/jersey-bean-validation-2.27.jar:/Users/samuelelanghi/Documents/platforms/confluent-5.3.1/bin/../share/java/confluent-metadata-service/ion-java-1.0.2.jar:/Users/samuelelanghi/Documents/platforms/confluent-5.3.1/bin/../share/java/confluent-metadata-service/aws-java-sdk-core-1.11.475.jar:/Users/samuelelanghi/Documents/platforms/confluent-5.3.1/bin/../share/java/confluent-metadata-service/jackson-module-paranamer-2.9.9.jar:/Users/samuelelanghi/Documents/platforms/confluent-5.3.1/bin/../share/java/confluent-metadata-service/validation-api-1.1.0.Final.jar:/Users/samuelelanghi/Documents/platforms/confluent-5.3.1/bin/../share/java/confluent-metadata-service/jersey-media-jaxb-2.27.jar:/Users/samuelelanghi/Documents/platforms/confluent-5.3.1/bin/../share/java/confluent-metadata-service/httpclient-4.5.3.jar:/Users/samuelelanghi/Documents/platforms/confluent-5.3.1/bin/../share/java/confluent-metadata-service/flatbuffers-java-1.9.0.jar:/Users/samuelelanghi/Documents/platforms/confluent-5.3.1/bin/../share/java/confluent-metadata-service/zkclient-0.10.jar:/Users/samuelelanghi/Documents/platforms/confluent-5.3.1/bin/../share/java/confluent-metadata-service/scala-logging_2.12-3.9.0.jar:/Users/samuelelanghi/Documents/platforms/confluent-5.3.1/bin/../share/java/confluent-metadata-service/javax.annotation-api-1.2.jar:/Users/samuelelanghi/Documents/platforms/confluent-5.3.1/bin/../share/java/confluent-metadata-service/rbac-5.3.1-ce.jar:/Users/samuelelanghi/Documents/platforms/confluent-5.3.1/bin/../share/java/confluent-metadata-service/commons-codec-1.9.jar:/Users/samuelelanghi/Documents/platforms/confluent-5.3.1/bin/../share/java/confluent-metadata-service/jose4j-0.6.4.jar:/Users/samuelelanghi/Documents/platforms/confluent-5.3.1/bin/../share/java/confluent-metadata-service/kafka-schema-registry-client-5.3.1.jar:/Users/samuelelanghi/Documents/platforms/confluent-5.3.1/bin/../share/java/confluent-metadata-service/paranamer-2.8.jar:/Users/samuelelanghi/Documents/platforms/confluent-5.3.1/bin/../share/java/confluent-metadata-service/jersey-server-2.27.jar:/Users/samuelelanghi/Documents/platforms/confluent-5.3.1/bin/../share/java/confluent-metadata-service/snappy-java-1.1.7.3.jar:/Users/samuelelanghi/Documents/platforms/confluent-5.3.1/bin/../share/java/confluent-metadata-service/commons-compress-1.8.1.jar:/Users/samuelelanghi/Documents/platforms/confluent-5.3.1/bin/../share/java/confluent-metadata-service/metrics-core-2.2.0.jar:/Users/samuelelanghi/Documents/platforms/confluent-5.3.1/bin/../share/java/confluent-metadata-service/jackson-core-asl-1.9.13.jar:/Users/samuelelanghi/Documents/platforms/confluent-5.3.1/bin/../share/java/confluent-metadata-service/osgi-resource-locator-1.0.1.jar:/Users/samuelelanghi/Documents/platforms/confluent-5.3.1/bin/../share/java/confluent-metadata-service/aws-java-sdk-s3-1.11.475.jar:/Users/samuelelanghi/Documents/platforms/confluent-5.3.1/bin/../share/java/confluent-metadata-service/fluent-hc-4.5.8.jar:/Users/samuelelanghi/Documents/platforms/confluent-5.3.1/bin/../share/java/confluent-metadata-service/kafka-client-plugins-5.3.1-ce.jar:/Users/samuelelanghi/Documents/platforms/confluent-5.3.1/bin/../share/java/confluent-metadata-service/jul-to-slf4j-1.7.26.jar:/Users/samuelelanghi/Documents/platforms/confluent-5.3.1/bin/../share/java/confluent-metadata-service/audience-annotations-0.5.0.jar:/Users/samuelelanghi/Documents/platforms/confluent-5.3.1/bin/../share/java/confluent-metadata-service/javax.ws.rs-api-2.1.1.jar:/Users/samuelelanghi/Documents/platforms/confluent-5.3.1/bin/../share/java/confluent-metadata-service/jetty-client-9.4.18.v20190429.jar:/Users/samuelelanghi/Documents/platforms/confluent-5.3.1/bin/../share/java/confluent-metadata-service/jackson-module-scala_2.12-2.9.9.jar:/Users/samuelelanghi/Documents/platforms/confluent-5.3.1/bin/../share/java/confluent-metadata-service/jackson-dataformat-csv-2.9.9.jar:/Users/samuelelanghi/Documents/platforms/confluent-5.3.1/bin/../share/java/confluent-metadata-service/jackson-dataformat-cbor-2.6.7.jar:/Users/samuelelanghi/Documents/platforms/confluent-5.3.1/bin/../share/java/confluent-metadata-service/netty-3.10.6.Final.jar:/Users/samuelelanghi/Documents/platforms/confluent-5.3.1/bin/../share/java/confluent-metadata-service/jetty-proxy-9.4.18.v20190429.jar:/Users/samuelelanghi/Documents/platforms/confluent-5.3.1/bin/../share/java/confluent-metadata-service/jmespath-java-1.11.475.jar:/Users/samuelelanghi/Documents/platforms/confluent-5.3.1/bin/../share/java/confluent-metadata-service/joda-time-2.8.1.jar:/Users/samuelelanghi/Documents/platforms/confluent-5.3.1/bin/../share/java/confluent-metadata-service/jbcrypt-0.4.jar:/Users/samuelelanghi/Documents/platforms/confluent-5.3.1/bin/../share/java/confluent-metadata-service/common-utils-5.3.1.jar:/Users/samuelelanghi/Documents/platforms/confluent-5.3.1/bin/../share/java/confluent-metadata-service/auth-providers-5.3.1-ce.jar:/Users/samuelelanghi/Documents/platforms/confluent-5.3.1/bin/../share/java/confluent-metadata-service/scala-library-2.12.8.jar:/Users/samuelelanghi/Documents/platforms/confluent-5.3.1/bin/../share/java/confluent-metadata-service/kafka_2.12-5.3.1-ce.jar:/Users/samuelelanghi/Documents/platforms/confluent-5.3.1/bin/../share/java/confluent-metadata-service/scala-reflect-2.12.8.jar:/Users/samuelelanghi/Documents/platforms/confluent-5.3.1/bin/../share/java/confluent-metadata-service/lz4-java-1.6.0.jar:/Users/samuelelanghi/Documents/platforms/confluent-5.3.1/bin/../share/java/confluent-metadata-service/jboss-logging-3.1.3.GA.jar:/Users/samuelelanghi/Documents/platforms/confluent-5.3.1/bin/../share/java/confluent-metadata-service/kafka-clients-5.3.1-ce.jar:/Users/samuelelanghi/Documents/platforms/confluent-5.3.1/bin/../share/java/confluent-metadata-service/bcprov-jdk15on-1.60.jar:/Users/samuelelanghi/Documents/platforms/confluent-5.3.1/bin/../share/java/confluent-metadata-service/avro-1.8.1.jar:/Users/samuelelanghi/Documents/platforms/confluent-5.3.1/bin/../share/java/confluent-metadata-service/httpcore-4.4.6.jar:/Users/samuelelanghi/Documents/platforms/confluent-5.3.1/bin/../share/java/confluent-metadata-service/javax.inject-2.5.0-b42.jar:/Users/samuelelanghi/Documents/platforms/confluent-5.3.1/bin/../share/java/confluent-metadata-service/authorizer-5.3.1-ce.jar:/Users/samuelelanghi/Documents/platforms/confluent-5.3.1/bin/../share/java/confluent-metadata-service/hibernate-validator-5.1.3.Final.jar:/Users/samuelelanghi/Documents/platforms/confluent-5.3.1/bin/../share/java/confluent-metadata-service/jackson-datatype-jdk8-2.9.9.jar:/Users/samuelelanghi/Documents/platforms/confluent-5.3.1/bin/../share/java/confluent-metadata-service/rbac-api-server-5.3.1.jar:/Users/samuelelanghi/Documents/platforms/confluent-5.3.1/bin/../share/java/confluent-metadata-service/jsr305-3.0.2.jar:/Users/samuelelanghi/Documents/platforms/confluent-5.3.1/bin/../share/java/confluent-metadata-service/jackson-mapper-asl-1.9.13.jar:/Users/samuelelanghi/Documents/platforms/confluent-5.3.1/bin/../share/java/confluent-metadata-service/commons-lang3-3.8.1.jar:/Users/samuelelanghi/Documents/platforms/confluent-5.3.1/bin/../share/java/confluent-metadata-service/aws-java-sdk-kms-1.11.475.jar:/Users/samuelelanghi/Documents/platforms/confluent-5.3.1/bin/../share/java/confluent-metadata-service/jersey-client-2.27.jar:/Users/samuelelanghi/Documents/platforms/confluent-5.3.1/bin/../share/java/confluent-metadata-service/bcpkix-jdk15on-1.60.jar:/Users/samuelelanghi/Documents/platforms/confluent-5.3.1/bin/../share/java/rest-utils/jetty-util-9.4.18.v20190429.jar:/Users/samuelelanghi/Documents/platforms/confluent-5.3.1/bin/../share/java/rest-utils/jetty-server-9.4.18.v20190429.jar:/Users/samuelelanghi/Documents/platforms/confluent-5.3.1/bin/../share/java/rest-utils/javax.websocket-api-1.0.jar:/Users/samuelelanghi/Documents/platforms/confluent-5.3.1/bin/../share/java/rest-utils/classmate-1.0.0.jar:/Users/samuelelanghi/Documents/platforms/confluent-5.3.1/bin/../share/java/rest-utils/jackson-core-2.9.9.jar:/Users/samuelelanghi/Documents/platforms/confluent-5.3.1/bin/../share/java/rest-utils/websocket-common-9.4.18.v20190429.jar:/Users/samuelelanghi/Documents/platforms/confluent-5.3.1/bin/../share/java/rest-utils/javax.el-2.2.4.jar:/Users/samuelelanghi/Documents/platforms/confluent-5.3.1/bin/../share/java/rest-utils/jetty-servlets-9.4.18.v20190429.jar:/Users/samuelelanghi/Documents/platforms/confluent-5.3.1/bin/../share/java/rest-utils/jetty-jaas-9.4.18.v20190429.jar:/Users/samuelelanghi/Documents/platforms/confluent-5.3.1/bin/../share/java/rest-utils/jetty-annotations-9.4.18.v20190429.jar:/Users/samuelelanghi/Documents/platforms/confluent-5.3.1/bin/../share/java/rest-utils/hk2-api-2.5.0-b42.jar:/Users/samuelelanghi/Documents/platforms/confluent-5.3.1/bin/../share/java/rest-utils/javax.el-api-2.2.4.jar:/Users/samuelelanghi/Documents/platforms/confluent-5.3.1/bin/../share/java/rest-utils/websocket-client-9.4.18.v20190429.jar:/Users/samuelelanghi/Documents/platforms/confluent-5.3.1/bin/../share/java/rest-utils/activation-1.1.1.jar:/Users/samuelelanghi/Documents/platforms/confluent-5.3.1/bin/../share/java/rest-utils/jersey-common-2.27.jar:/Users/samuelelanghi/Documents/platforms/confluent-5.3.1/bin/../share/java/rest-utils/jetty-io-9.4.18.v20190429.jar:/Users/samuelelanghi/Documents/platforms/confluent-5.3.1/bin/../share/java/rest-utils/zstd-jni-1.4.0-1.jar:/Users/samuelelanghi/Documents/platforms/confluent-5.3.1/bin/../share/java/rest-utils/websocket-api-9.4.18.v20190429.jar:/Users/samuelelanghi/Documents/platforms/confluent-5.3.1/bin/../share/java/rest-utils/websocket-servlet-9.4.18.v20190429.jar:/Users/samuelelanghi/Documents/platforms/confluent-5.3.1/bin/../share/java/rest-utils/javax.servlet-api-3.1.0.jar:/Users/samuelelanghi/Documents/platforms/confluent-5.3.1/bin/../share/java/rest-utils/jackson-jaxrs-json-provider-2.9.9.jar:/Users/samuelelanghi/Documents/platforms/confluent-5.3.1/bin/../share/java/rest-utils/jersey-bean-validation-2.27.jar:/Users/samuelelanghi/Documents/platforms/confluent-5.3.1/bin/../share/java/rest-utils/jetty-webapp-9.4.18.v20190429.jar:/Users/samuelelanghi/Documents/platforms/confluent-5.3.1/bin/../share/java/rest-utils/jackson-module-jaxb-annotations-2.9.9.jar:/Users/samuelelanghi/Documents/platforms/confluent-5.3.1/bin/../share/java/rest-utils/jetty-jmx-9.4.18.v20190429.jar:/Users/samuelelanghi/Documents/platforms/confluent-5.3.1/bin/../share/java/rest-utils/validation-api-1.1.0.Final.jar:/Users/samuelelanghi/Documents/platforms/confluent-5.3.1/bin/../share/java/rest-utils/jersey-media-jaxb-2.27.jar:/Users/samuelelanghi/Documents/platforms/confluent-5.3.1/bin/../share/java/rest-utils/javax.annotation-api-1.3.jar:/Users/samuelelanghi/Documents/platforms/confluent-5.3.1/bin/../share/java/rest-utils/jetty-continuation-9.4.18.v20190429.jar:/Users/samuelelanghi/Documents/platforms/confluent-5.3.1/bin/../share/java/rest-utils/javassist-3.22.0-CR2.jar:/Users/samuelelanghi/Documents/platforms/confluent-5.3.1/bin/../share/java/rest-utils/jersey-server-2.27.jar:/Users/samuelelanghi/Documents/platforms/confluent-5.3.1/bin/../share/java/rest-utils/jaxb-api-2.3.0.jar:/Users/samuelelanghi/Documents/platforms/confluent-5.3.1/bin/../share/java/rest-utils/snappy-java-1.1.7.3.jar:/Users/samuelelanghi/Documents/platforms/confluent-5.3.1/bin/../share/java/rest-utils/asm-commons-7.0.jar:/Users/samuelelanghi/Documents/platforms/confluent-5.3.1/bin/../share/java/rest-utils/jersey-container-servlet-core-2.27.jar:/Users/samuelelanghi/Documents/platforms/confluent-5.3.1/bin/../share/java/rest-utils/asm-7.0.jar:/Users/samuelelanghi/Documents/platforms/confluent-5.3.1/bin/../share/java/rest-utils/websocket-server-9.4.18.v20190429.jar:/Users/samuelelanghi/Documents/platforms/confluent-5.3.1/bin/../share/java/rest-utils/osgi-resource-locator-1.0.1.jar:/Users/samuelelanghi/Documents/platforms/confluent-5.3.1/bin/../share/java/rest-utils/jetty-security-9.4.18.v20190429.jar:/Users/samuelelanghi/Documents/platforms/confluent-5.3.1/bin/../share/java/rest-utils/jersey-container-servlet-2.27.jar:/Users/samuelelanghi/Documents/platforms/confluent-5.3.1/bin/../share/java/rest-utils/jackson-annotations-2.9.9.jar:/Users/samuelelanghi/Documents/platforms/confluent-5.3.1/bin/../share/java/rest-utils/asm-tree-7.0.jar:/Users/samuelelanghi/Documents/platforms/confluent-5.3.1/bin/../share/java/rest-utils/jetty-client-9.4.18.v20190429.jar:/Users/samuelelanghi/Documents/platforms/confluent-5.3.1/bin/../share/java/rest-utils/jetty-xml-9.4.18.v20190429.jar:/Users/samuelelanghi/Documents/platforms/confluent-5.3.1/bin/../share/java/rest-utils/javax.websocket-client-api-1.0.jar:/Users/samuelelanghi/Documents/platforms/confluent-5.3.1/bin/../share/java/rest-utils/aopalliance-repackaged-2.5.0-b42.jar:/Users/samuelelanghi/Documents/platforms/confluent-5.3.1/bin/../share/java/rest-utils/javax-websocket-client-impl-9.4.18.v20190429.jar:/Users/samuelelanghi/Documents/platforms/confluent-5.3.1/bin/../share/java/rest-utils/hk2-locator-2.5.0-b42.jar:/Users/samuelelanghi/Documents/platforms/confluent-5.3.1/bin/../share/java/rest-utils/jersey-hk2-2.27.jar:/Users/samuelelanghi/Documents/platforms/confluent-5.3.1/bin/../share/java/rest-utils/jetty-http-9.4.18.v20190429.jar:/Users/samuelelanghi/Documents/platforms/confluent-5.3.1/bin/../share/java/rest-utils/asm-analysis-7.0.jar:/Users/samuelelanghi/Documents/platforms/confluent-5.3.1/bin/../share/java/rest-utils/lz4-java-1.6.0.jar:/Users/samuelelanghi/Documents/platforms/confluent-5.3.1/bin/../share/java/rest-utils/jboss-logging-3.1.3.GA.jar:/Users/samuelelanghi/Documents/platforms/confluent-5.3.1/bin/../share/java/rest-utils/javax.ws.rs-api-2.1.jar:/Users/samuelelanghi/Documents/platforms/confluent-5.3.1/bin/../share/java/rest-utils/javax.inject-2.5.0-b42.jar:/Users/samuelelanghi/Documents/platforms/confluent-5.3.1/bin/../share/java/rest-utils/hibernate-validator-5.1.3.Final.jar:/Users/samuelelanghi/Documents/platforms/confluent-5.3.1/bin/../share/java/rest-utils/jetty-jndi-9.4.18.v20190429.jar:/Users/samuelelanghi/Documents/platforms/confluent-5.3.1/bin/../share/java/rest-utils/hk2-utils-2.5.0-b42.jar:/Users/samuelelanghi/Documents/platforms/confluent-5.3.1/bin/../share/java/rest-utils/javax-websocket-server-impl-9.4.18.v20190429.jar:/Users/samuelelanghi/Documents/platforms/confluent-5.3.1/bin/../share/java/rest-utils/jetty-servlet-9.4.18.v20190429.jar:/Users/samuelelanghi/Documents/platforms/confluent-5.3.1/bin/../share/java/rest-utils/javax.inject-1.jar:/Users/samuelelanghi/Documents/platforms/confluent-5.3.1/bin/../share/java/rest-utils/rest-utils-5.3.1.jar:/Users/samuelelanghi/Documents/platforms/confluent-5.3.1/bin/../share/java/rest-utils/kafka-clients-5.3.1-ccs.jar:/Users/samuelelanghi/Documents/platforms/confluent-5.3.1/bin/../share/java/rest-utils/jersey-client-2.27.jar:/Users/samuelelanghi/Documents/platforms/confluent-5.3.1/bin/../share/java/rest-utils/jetty-plus-9.4.18.v20190429.jar:/Users/samuelelanghi/Documents/platforms/confluent-5.3.1/bin/../share/java/rest-utils/jackson-databind-2.9.9.3.jar:/Users/samuelelanghi/Documents/platforms/confluent-5.3.1/bin/../share/java/rest-utils/jackson-jaxrs-base-2.9.9.jar:/Users/samuelelanghi/Documents/platforms/confluent-5.3.1/bin/../share/java/confluent-common/slf4j-api-1.7.26.jar:/Users/samuelelanghi/Documents/platforms/confluent-5.3.1/bin/../share/java/confluent-common/jline-0.9.94.jar:/Users/samuelelanghi/Documents/platforms/confluent-5.3.1/bin/../share/java/confluent-common/spotbugs-annotations-3.1.8.jar:/Users/samuelelanghi/Documents/platforms/confluent-5.3.1/bin/../share/java/confluent-common/zookeeper-3.4.14.jar:/Users/samuelelanghi/Documents/platforms/confluent-5.3.1/bin/../share/java/confluent-common/common-config-5.3.1.jar:/Users/samuelelanghi/Documents/platforms/confluent-5.3.1/bin/../share/java/confluent-common/common-metrics-5.3.1.jar:/Users/samuelelanghi/Documents/platforms/confluent-5.3.1/bin/../share/java/confluent-common/zkclient-0.10.jar:/Users/samuelelanghi/Documents/platforms/confluent-5.3.1/bin/../share/java/confluent-common/audience-annotations-0.5.0.jar:/Users/samuelelanghi/Documents/platforms/confluent-5.3.1/bin/../share/java/confluent-common/netty-3.10.6.Final.jar:/Users/samuelelanghi/Documents/platforms/confluent-5.3.1/bin/../share/java/confluent-common/common-utils-5.3.1.jar:/Users/samuelelanghi/Documents/platforms/confluent-5.3.1/bin/../share/java/confluent-common/jsr305-3.0.2.jar:/Users/samuelelanghi/Documents/platforms/confluent-5.3.1/bin/../share/java/confluent-common/build-tools-5.3.1.jar:/Users/samuelelanghi/Documents/platforms/confluent-5.3.1/bin/../support-metrics-client/build/dependant-libs-2.12.8/*:/Users/samuelelanghi/Documents/platforms/confluent-5.3.1/bin/../support-metrics-client/build/libs/*:/usr/share/java/support-metrics-client/*:/Users/samuelelanghi/Documents/platforms/confluent-5.3.1/bin/../support-metrics-fullcollector/build/dependant-libs-2.12.8/*:/Users/samuelelanghi/Documents/platforms/confluent-5.3.1/bin/../support-metrics-fullcollector/build/libs/*:/usr/share/java/support-metrics-fullcollector/* (org.apache.zookeeper.server.ZooKeeperServer)
[2022-02-02 00:07:48,086] INFO Server environment:java.library.path=/Users/samuelelanghi/Library/Java/Extensions:/Library/Java/Extensions:/Network/Library/Java/Extensions:/System/Library/Java/Extensions:/usr/lib/java:. (org.apache.zookeeper.server.ZooKeeperServer)
[2022-02-02 00:07:48,086] INFO Server environment:java.io.tmpdir=/var/folders/3s/wqyxzyms7hd5vhh6kqtkrkw00000gq/T/ (org.apache.zookeeper.server.ZooKeeperServer)
[2022-02-02 00:07:48,086] INFO Server environment:java.compiler=<NA> (org.apache.zookeeper.server.ZooKeeperServer)
[2022-02-02 00:07:48,086] INFO Server environment:os.name=Mac OS X (org.apache.zookeeper.server.ZooKeeperServer)
[2022-02-02 00:07:48,086] INFO Server environment:os.arch=x86_64 (org.apache.zookeeper.server.ZooKeeperServer)
[2022-02-02 00:07:48,086] INFO Server environment:os.version=10.16 (org.apache.zookeeper.server.ZooKeeperServer)
[2022-02-02 00:07:48,086] INFO Server environment:user.name=samuelelanghi (org.apache.zookeeper.server.ZooKeeperServer)
[2022-02-02 00:07:48,086] INFO Server environment:user.home=/Users/samuelelanghi (org.apache.zookeeper.server.ZooKeeperServer)
[2022-02-02 00:07:48,086] INFO Server environment:user.dir=/Users/samuelelanghi/Documents/projects/kEPLr/scripts/experiments (org.apache.zookeeper.server.ZooKeeperServer)
[2022-02-02 00:07:48,095] INFO tickTime set to 3000 (org.apache.zookeeper.server.ZooKeeperServer)
[2022-02-02 00:07:48,095] INFO minSessionTimeout set to -1 (org.apache.zookeeper.server.ZooKeeperServer)
[2022-02-02 00:07:48,095] INFO maxSessionTimeout set to -1 (org.apache.zookeeper.server.ZooKeeperServer)
[2022-02-02 00:07:48,104] INFO Using org.apache.zookeeper.server.NIOServerCnxnFactory as server connection factory (org.apache.zookeeper.server.ServerCnxnFactory)
[2022-02-02 00:07:48,110] INFO binding to port 0.0.0.0/0.0.0.0:2181 (org.apache.zookeeper.server.NIOServerCnxnFactory)
[2022-02-02 00:07:58,425] INFO Accepted socket connection from /127.0.0.1:52063 (org.apache.zookeeper.server.NIOServerCnxnFactory)
[2022-02-02 00:07:58,434] INFO Client attempting to establish new session at /127.0.0.1:52063 (org.apache.zookeeper.server.ZooKeeperServer)
[2022-02-02 00:07:58,437] INFO Creating new log file: log.1 (org.apache.zookeeper.server.persistence.FileTxnLog)
[2022-02-02 00:07:58,448] INFO Established session 0x1000385212b0000 with negotiated timeout 6000 for client /127.0.0.1:52063 (org.apache.zookeeper.server.ZooKeeperServer)
[2022-02-02 00:07:58,541] INFO Got user-level KeeperException when processing sessionid:0x1000385212b0000 type:create cxid:0x2 zxid:0x3 txntype:-1 reqpath:n/a Error Path:/brokers Error:KeeperErrorCode = NoNode for /brokers (org.apache.zookeeper.server.PrepRequestProcessor)
[2022-02-02 00:07:58,547] INFO Got user-level KeeperException when processing sessionid:0x1000385212b0000 type:create cxid:0x6 zxid:0x7 txntype:-1 reqpath:n/a Error Path:/config Error:KeeperErrorCode = NoNode for /config (org.apache.zookeeper.server.PrepRequestProcessor)
[2022-02-02 00:07:58,551] INFO Got user-level KeeperException when processing sessionid:0x1000385212b0000 type:create cxid:0x9 zxid:0xa txntype:-1 reqpath:n/a Error Path:/admin Error:KeeperErrorCode = NoNode for /admin (org.apache.zookeeper.server.PrepRequestProcessor)
[2022-02-02 00:07:58,764] INFO Got user-level KeeperException when processing sessionid:0x1000385212b0000 type:create cxid:0x15 zxid:0x15 txntype:-1 reqpath:n/a Error Path:/cluster Error:KeeperErrorCode = NoNode for /cluster (org.apache.zookeeper.server.PrepRequestProcessor)
[2022-02-02 00:07:59,843] INFO Got user-level KeeperException when processing sessionid:0x1000385212b0000 type:multi cxid:0x38 zxid:0x1c txntype:-1 reqpath:n/a aborting remaining multi ops. Error Path:/admin/preferred_replica_election Error:KeeperErrorCode = NoNode for /admin/preferred_replica_election (org.apache.zookeeper.server.PrepRequestProcessor)
[2022-02-02 00:08:13,199] INFO Accepted socket connection from /127.0.0.1:52066 (org.apache.zookeeper.server.NIOServerCnxnFactory)
[2022-02-02 00:08:13,202] INFO Client attempting to establish new session at /127.0.0.1:52066 (org.apache.zookeeper.server.ZooKeeperServer)
[2022-02-02 00:08:13,204] INFO Established session 0x1000385212b0001 with negotiated timeout 30000 for client /127.0.0.1:52066 (org.apache.zookeeper.server.ZooKeeperServer)
[2022-02-02 00:08:13,248] INFO Processed session termination for sessionid: 0x1000385212b0001 (org.apache.zookeeper.server.PrepRequestProcessor)
[2022-02-02 00:08:13,249] INFO Closed socket connection for client /127.0.0.1:52066 which had sessionid 0x1000385212b0001 (org.apache.zookeeper.server.NIOServerCnxn)
[2022-02-02 00:08:14,875] INFO Accepted socket connection from /127.0.0.1:52068 (org.apache.zookeeper.server.NIOServerCnxnFactory)
[2022-02-02 00:08:14,877] INFO Client attempting to establish new session at /127.0.0.1:52068 (org.apache.zookeeper.server.ZooKeeperServer)
[2022-02-02 00:08:14,879] INFO Established session 0x1000385212b0002 with negotiated timeout 30000 for client /127.0.0.1:52068 (org.apache.zookeeper.server.ZooKeeperServer)
[2022-02-02 00:08:15,191] INFO Got user-level KeeperException when processing sessionid:0x1000385212b0002 type:setData cxid:0x4 zxid:0x20 txntype:-1 reqpath:n/a Error Path:/config/topics/W1-run-0 Error:KeeperErrorCode = NoNode for /config/topics/W1-run-0 (org.apache.zookeeper.server.PrepRequestProcessor)
[2022-02-02 00:08:15,253] INFO Processed session termination for sessionid: 0x1000385212b0002 (org.apache.zookeeper.server.PrepRequestProcessor)
[2022-02-02 00:08:15,256] INFO Closed socket connection for client /127.0.0.1:52068 which had sessionid 0x1000385212b0002 (org.apache.zookeeper.server.NIOServerCnxn)
[2022-02-02 00:08:16,849] INFO Accepted socket connection from /127.0.0.1:52070 (org.apache.zookeeper.server.NIOServerCnxnFactory)
[2022-02-02 00:08:16,852] INFO Client attempting to establish new session at /127.0.0.1:52070 (org.apache.zookeeper.server.ZooKeeperServer)
[2022-02-02 00:08:16,854] INFO Established session 0x1000385212b0003 with negotiated timeout 30000 for client /127.0.0.1:52070 (org.apache.zookeeper.server.ZooKeeperServer)
[2022-02-02 00:08:17,165] INFO Got user-level KeeperException when processing sessionid:0x1000385212b0003 type:setData cxid:0x4 zxid:0x28 txntype:-1 reqpath:n/a Error Path:/config/topics/output-W1-run-0 Error:KeeperErrorCode = NoNode for /config/topics/output-W1-run-0 (org.apache.zookeeper.server.PrepRequestProcessor)
[2022-02-02 00:08:17,227] INFO Processed session termination for sessionid: 0x1000385212b0003 (org.apache.zookeeper.server.PrepRequestProcessor)
[2022-02-02 00:08:17,228] INFO Closed socket connection for client /127.0.0.1:52070 which had sessionid 0x1000385212b0003 (org.apache.zookeeper.server.NIOServerCnxn)
[2022-02-02 00:08:28,823] INFO Got user-level KeeperException when processing sessionid:0x1000385212b0000 type:setData cxid:0x4d zxid:0x2f txntype:-1 reqpath:n/a Error Path:/config/topics/__consumer_offsets Error:KeeperErrorCode = NoNode for /config/topics/__consumer_offsets (org.apache.zookeeper.server.PrepRequestProcessor)
[2022-02-02 00:08:29,716] INFO Got user-level KeeperException when processing sessionid:0x1000385212b0000 type:setData cxid:0x111 zxid:0x97 txntype:-1 reqpath:n/a Error Path:/config/topics/W1-1-0318dc6d2-36a8-43ff-9528-95985ba75874-KSTREAM-GATEWAY-STATE-STORE-0000000008-changelog Error:KeeperErrorCode = NoNode for /config/topics/W1-1-0318dc6d2-36a8-43ff-9528-95985ba75874-KSTREAM-GATEWAY-STATE-STORE-0000000008-changelog (org.apache.zookeeper.server.PrepRequestProcessor)
[2022-02-02 00:08:29,731] INFO Got user-level KeeperException when processing sessionid:0x1000385212b0000 type:setData cxid:0x117 zxid:0x9a txntype:-1 reqpath:n/a Error Path:/config/topics/W1-1-0318dc6d2-36a8-43ff-9528-95985ba75874-KSTREAM-FOLLOWEDBY-STATE-STORE-0000000005-changelog Error:KeeperErrorCode = NoNode for /config/topics/W1-1-0318dc6d2-36a8-43ff-9528-95985ba75874-KSTREAM-FOLLOWEDBY-STATE-STORE-0000000005-changelog (org.apache.zookeeper.server.PrepRequestProcessor)
[2022-02-02 00:08:29,753] INFO Got user-level KeeperException when processing sessionid:0x1000385212b0000 type:setData cxid:0x11d zxid:0x9f txntype:-1 reqpath:n/a Error Path:/config/topics/W1-1-0318dc6d2-36a8-43ff-9528-95985ba75874-KSTREAM-GATEWAY-STATE-STORE-0000000006-changelog Error:KeeperErrorCode = NoNode for /config/topics/W1-1-0318dc6d2-36a8-43ff-9528-95985ba75874-KSTREAM-GATEWAY-STATE-STORE-0000000006-changelog (org.apache.zookeeper.server.PrepRequestProcessor)
[2022-02-02 00:08:29,760] INFO Got user-level KeeperException when processing sessionid:0x1000385212b0000 type:setData cxid:0x122 zxid:0xa3 txntype:-1 reqpath:n/a Error Path:/config/topics/W1-1-0318dc6d2-36a8-43ff-9528-95985ba75874-KSTREAM-GATEWAY-STATE-STORE-0000000007-changelog Error:KeeperErrorCode = NoNode for /config/topics/W1-1-0318dc6d2-36a8-43ff-9528-95985ba75874-KSTREAM-GATEWAY-STATE-STORE-0000000007-changelog (org.apache.zookeeper.server.PrepRequestProcessor)
[2022-02-02 20:31:31,721] WARN Unable to read additional data from client sessionid 0x1000385212b0000, likely client has closed socket (org.apache.zookeeper.server.NIOServerCnxn)
[2022-02-02 20:31:31,870] INFO Closed socket connection for client /127.0.0.1:52063 which had sessionid 0x1000385212b0000 (org.apache.zookeeper.server.NIOServerCnxn)
[2022-02-02 20:31:33,038] INFO Accepted socket connection from /127.0.0.1:56468 (org.apache.zookeeper.server.NIOServerCnxnFactory)
[2022-02-02 20:31:33,070] INFO Client attempting to renew session 0x1000385212b0000 at /127.0.0.1:56468 (org.apache.zookeeper.server.ZooKeeperServer)
[2022-02-02 20:31:33,076] INFO Established session 0x1000385212b0000 with negotiated timeout 6000 for client /127.0.0.1:56468 (org.apache.zookeeper.server.ZooKeeperServer)
