Picked up _JAVA_OPTIONS: -Xmx3g
log4j:ERROR Could not find value for key log4j.appender.stateChangeAppender
log4j:ERROR Could not instantiate appender named "stateChangeAppender".
log4j:ERROR Could not find value for key log4j.appender.controllerAppender
log4j:ERROR Could not instantiate appender named "controllerAppender".
log4j:ERROR Could not find value for key log4j.appender.requestAppender
log4j:ERROR Could not instantiate appender named "requestAppender".
log4j:ERROR Could not find value for key log4j.appender.cleanerAppender
log4j:ERROR Could not instantiate appender named "cleanerAppender".
log4j:ERROR Could not find value for key log4j.appender.requestAppender
log4j:ERROR Could not instantiate appender named "requestAppender".
log4j:ERROR Could not find value for key log4j.appender.authorizerAppender
log4j:ERROR Could not instantiate appender named "authorizerAppender".
[2020-04-02 08:04:56,167] INFO ProducerConfig values: 
	acks = 1
	batch.size = 16384
	bootstrap.servers = [localhost:9092]
	buffer.memory = 33554432
	client.dns.lookup = default
	client.id = 
	compression.type = none
	connections.max.idle.ms = 540000
	delivery.timeout.ms = 120000
	enable.idempotence = false
	interceptor.classes = []
	key.serializer = class org.apache.kafka.common.serialization.StringSerializer
	linger.ms = 0
	max.block.ms = 60000
	max.in.flight.requests.per.connection = 5
	max.request.size = 1048576
	metadata.max.age.ms = 300000
	metric.reporters = []
	metrics.num.samples = 2
	metrics.recording.level = INFO
	metrics.sample.window.ms = 30000
	partitioner.class = class evaluation.producer.FixedNumberCustomPartitioner
	receive.buffer.bytes = 32768
	reconnect.backoff.max.ms = 1000
	reconnect.backoff.ms = 50
	request.timeout.ms = 30000
	retries = 2147483647
	retry.backoff.ms = 100
	sasl.client.callback.handler.class = null
	sasl.jaas.config = null
	sasl.kerberos.kinit.cmd = /usr/bin/kinit
	sasl.kerberos.min.time.before.relogin = 60000
	sasl.kerberos.service.name = null
	sasl.kerberos.ticket.renew.jitter = 0.05
	sasl.kerberos.ticket.renew.window.factor = 0.8
	sasl.login.callback.handler.class = null
	sasl.login.class = null
	sasl.login.refresh.buffer.seconds = 300
	sasl.login.refresh.min.period.seconds = 60
	sasl.login.refresh.window.factor = 0.8
	sasl.login.refresh.window.jitter = 0.05
	sasl.mechanism = GSSAPI
	security.protocol = PLAINTEXT
	send.buffer.bytes = 131072
	ssl.cipher.suites = null
	ssl.enabled.protocols = [TLSv1.2, TLSv1.1, TLSv1]
	ssl.endpoint.identification.algorithm = https
	ssl.key.password = null
	ssl.keymanager.algorithm = SunX509
	ssl.keystore.location = null
	ssl.keystore.password = null
	ssl.keystore.type = JKS
	ssl.protocol = TLS
	ssl.provider = null
	ssl.secure.random.implementation = null
	ssl.trustmanager.algorithm = PKIX
	ssl.truststore.location = null
	ssl.truststore.password = null
	ssl.truststore.type = JKS
	transaction.timeout.ms = 60000
	transactional.id = null
	value.serializer = class io.confluent.kafka.serializers.KafkaAvroSerializer
 (org.apache.kafka.clients.producer.ProducerConfig)
[2020-04-02 08:04:56,241] INFO KafkaAvroSerializerConfig values: 
	bearer.auth.token = [hidden]
	schema.registry.url = [mock://ab]
	basic.auth.user.info = [hidden]
	auto.register.schemas = true
	max.schemas.per.subject = 1000
	basic.auth.credentials.source = URL
	schema.registry.basic.auth.user.info = [hidden]
	bearer.auth.credentials.source = STATIC_TOKEN
	value.subject.name.strategy = class io.confluent.kafka.serializers.subject.TopicNameStrategy
	key.subject.name.strategy = class io.confluent.kafka.serializers.subject.TopicNameStrategy
 (io.confluent.kafka.serializers.KafkaAvroSerializerConfig)
[2020-04-02 08:04:56,302] INFO Kafka version: 5.3.1-ccs (org.apache.kafka.common.utils.AppInfoParser)
[2020-04-02 08:04:56,302] INFO Kafka commitId: d7ac44734b9cf5cc (org.apache.kafka.common.utils.AppInfoParser)
[2020-04-02 08:04:56,302] INFO Kafka startTimeMs: 1585814696299 (org.apache.kafka.common.utils.AppInfoParser)
Total number of chunks: 50
[2020-04-02 08:04:56,516] INFO [Producer clientId=producer-1] Cluster ID: 7HGnf6OcQD-yYyiymTtqLg (org.apache.kafka.clients.Metadata)
Created chunk number: 1 for partition 2
Created chunk number: 2 for partition 2
Created chunk number: 3 for partition 2
Created chunk number: 4 for partition 2
Created chunk number: 5 for partition 2
Created chunk number: 6 for partition 2
Created chunk number: 7 for partition 2
Created chunk number: 8 for partition 2
Created chunk number: 9 for partition 2
Created chunk number: 10 for partition 2
Created chunk number: 11 for partition 2
Created chunk number: 12 for partition 2
Created chunk number: 13 for partition 2
Created chunk number: 14 for partition 2
Created chunk number: 15 for partition 2
Created chunk number: 16 for partition 2
Created chunk number: 17 for partition 2
Created chunk number: 18 for partition 2
Created chunk number: 19 for partition 2
Created chunk number: 20 for partition 2
Created chunk number: 21 for partition 2
Created chunk number: 22 for partition 2
Created chunk number: 23 for partition 2
Created chunk number: 24 for partition 2
Created chunk number: 25 for partition 2
Created chunk number: 26 for partition 2
Created chunk number: 27 for partition 2
Created chunk number: 28 for partition 2
Created chunk number: 29 for partition 2
Created chunk number: 30 for partition 2
Created chunk number: 31 for partition 2
Created chunk number: 32 for partition 2
Created chunk number: 33 for partition 2
Created chunk number: 34 for partition 2
Created chunk number: 35 for partition 2
Created chunk number: 36 for partition 2
Created chunk number: 37 for partition 2
Created chunk number: 38 for partition 2
Created chunk number: 39 for partition 2
Created chunk number: 40 for partition 2
Created chunk number: 41 for partition 2
Created chunk number: 42 for partition 2
Created chunk number: 43 for partition 2
Created chunk number: 44 for partition 2
Created chunk number: 45 for partition 2
Created chunk number: 46 for partition 2
Created chunk number: 47 for partition 2
Created chunk number: 48 for partition 2
Created chunk number: 49 for partition 2
