Picked up _JAVA_OPTIONS: -Xmx10g
log4j:ERROR Could not find value for key log4j.appender.stateChangeAppender
log4j:ERROR Could not instantiate appender named "stateChangeAppender".
log4j:ERROR Could not find value for key log4j.appender.controllerAppender
log4j:ERROR Could not instantiate appender named "controllerAppender".
log4j:ERROR Could not find value for key log4j.appender.requestAppender
log4j:ERROR Could not instantiate appender named "requestAppender".
log4j:ERROR Could not find value for key log4j.appender.cleanerAppender
log4j:ERROR Could not instantiate appender named "cleanerAppender".
log4j:ERROR Could not find value for key log4j.appender.requestAppender
log4j:ERROR Could not instantiate appender named "requestAppender".
log4j:ERROR Could not find value for key log4j.appender.authorizerAppender
log4j:ERROR Could not instantiate appender named "authorizerAppender".
[2020-04-02 20:52:34,242] INFO ProducerConfig values: 
	acks = 1
	batch.size = 16384
	bootstrap.servers = [localhost:9092]
	buffer.memory = 500000000
	client.dns.lookup = default
	client.id = 
	compression.type = none
	connections.max.idle.ms = 540000
	delivery.timeout.ms = 120000
	enable.idempotence = false
	interceptor.classes = []
	key.serializer = class org.apache.kafka.common.serialization.StringSerializer
	linger.ms = 0
	max.block.ms = 60000
	max.in.flight.requests.per.connection = 5
	max.request.size = 1048576
	metadata.max.age.ms = 300000
	metric.reporters = []
	metrics.num.samples = 2
	metrics.recording.level = INFO
	metrics.sample.window.ms = 30000
	partitioner.class = class evaluation.producer.FixedNumberCustomPartitioner
	receive.buffer.bytes = 32768
	reconnect.backoff.max.ms = 1000
	reconnect.backoff.ms = 50
	request.timeout.ms = 30000
	retries = 2147483647
	retry.backoff.ms = 100
	sasl.client.callback.handler.class = null
	sasl.jaas.config = null
	sasl.kerberos.kinit.cmd = /usr/bin/kinit
	sasl.kerberos.min.time.before.relogin = 60000
	sasl.kerberos.service.name = null
	sasl.kerberos.ticket.renew.jitter = 0.05
	sasl.kerberos.ticket.renew.window.factor = 0.8
	sasl.login.callback.handler.class = null
	sasl.login.class = null
	sasl.login.refresh.buffer.seconds = 300
	sasl.login.refresh.min.period.seconds = 60
	sasl.login.refresh.window.factor = 0.8
	sasl.login.refresh.window.jitter = 0.05
	sasl.mechanism = GSSAPI
	security.protocol = PLAINTEXT
	send.buffer.bytes = 131072
	ssl.cipher.suites = null
	ssl.enabled.protocols = [TLSv1.2, TLSv1.1, TLSv1]
	ssl.endpoint.identification.algorithm = https
	ssl.key.password = null
	ssl.keymanager.algorithm = SunX509
	ssl.keystore.location = null
	ssl.keystore.password = null
	ssl.keystore.type = JKS
	ssl.protocol = TLS
	ssl.provider = null
	ssl.secure.random.implementation = null
	ssl.trustmanager.algorithm = PKIX
	ssl.truststore.location = null
	ssl.truststore.password = null
	ssl.truststore.type = JKS
	transaction.timeout.ms = 60000
	transactional.id = null
	value.serializer = class io.confluent.kafka.serializers.KafkaAvroSerializer
 (org.apache.kafka.clients.producer.ProducerConfig)
[2020-04-02 20:52:34,322] INFO KafkaAvroSerializerConfig values: 
	bearer.auth.token = [hidden]
	schema.registry.url = [mock://ab]
	basic.auth.user.info = [hidden]
	auto.register.schemas = true
	max.schemas.per.subject = 1000
	basic.auth.credentials.source = URL
	schema.registry.basic.auth.user.info = [hidden]
	bearer.auth.credentials.source = STATIC_TOKEN
	value.subject.name.strategy = class io.confluent.kafka.serializers.subject.TopicNameStrategy
	key.subject.name.strategy = class io.confluent.kafka.serializers.subject.TopicNameStrategy
 (io.confluent.kafka.serializers.KafkaAvroSerializerConfig)
[2020-04-02 20:52:34,389] INFO Kafka version: 5.3.1-ccs (org.apache.kafka.common.utils.AppInfoParser)
[2020-04-02 20:52:34,389] INFO Kafka commitId: d7ac44734b9cf5cc (org.apache.kafka.common.utils.AppInfoParser)
[2020-04-02 20:52:34,389] INFO Kafka startTimeMs: 1585860754386 (org.apache.kafka.common.utils.AppInfoParser)
Total number of chunks: 120
[2020-04-02 20:52:34,622] INFO [Producer clientId=producer-1] Cluster ID: _uu4aSAMRZuu9C1prAjznA (org.apache.kafka.clients.Metadata)
Created chunk number: 1 for part 6
Created chunk number: 2 for part 6
Created chunk number: 3 for part 6
Created chunk number: 4 for part 6
Created chunk number: 5 for part 6
Created chunk number: 6 for part 6
Created chunk number: 7 for part 6
Created chunk number: 8 for part 6
Created chunk number: 9 for part 6
Created chunk number: 10 for part 6
Created chunk number: 11 for part 6
Created chunk number: 12 for part 6
Created chunk number: 13 for part 6
Created chunk number: 14 for part 6
Created chunk number: 15 for part 6
Created chunk number: 16 for part 6
Created chunk number: 17 for part 6
Created chunk number: 18 for part 6
Created chunk number: 19 for part 6
Created chunk number: 20 for part 6
Created chunk number: 21 for part 6
Created chunk number: 22 for part 6
Created chunk number: 23 for part 6
Created chunk number: 24 for part 6
Created chunk number: 25 for part 6
Created chunk number: 26 for part 6
Created chunk number: 27 for part 6
Created chunk number: 28 for part 6
Created chunk number: 29 for part 6
Created chunk number: 30 for part 6
Created chunk number: 31 for part 6
Created chunk number: 32 for part 6
Created chunk number: 33 for part 6
Created chunk number: 34 for part 6
Created chunk number: 35 for part 6
Created chunk number: 36 for part 6
Created chunk number: 37 for part 6
Created chunk number: 38 for part 6
Created chunk number: 39 for part 6
Created chunk number: 40 for part 6
Created chunk number: 41 for part 6
Created chunk number: 42 for part 6
Created chunk number: 43 for part 6
Created chunk number: 44 for part 6
Created chunk number: 45 for part 6
Created chunk number: 46 for part 6
Created chunk number: 47 for part 6
Created chunk number: 48 for part 6
Created chunk number: 49 for part 6
Created chunk number: 50 for part 6
Created chunk number: 51 for part 6
Created chunk number: 52 for part 6
Created chunk number: 53 for part 6
Created chunk number: 54 for part 6
Created chunk number: 55 for part 6
Created chunk number: 56 for part 6
Created chunk number: 57 for part 6
Created chunk number: 58 for part 6
Created chunk number: 59 for part 6
Created chunk number: 60 for part 6
Created chunk number: 61 for part 6
Created chunk number: 62 for part 6
Created chunk number: 63 for part 6
Created chunk number: 64 for part 6
Created chunk number: 65 for part 6
Created chunk number: 66 for part 6
Created chunk number: 67 for part 6
Created chunk number: 68 for part 6
Created chunk number: 69 for part 6
Created chunk number: 70 for part 6
Created chunk number: 71 for part 6
Created chunk number: 72 for part 6
Created chunk number: 73 for part 6
Created chunk number: 74 for part 6
Created chunk number: 75 for part 6
Created chunk number: 76 for part 6
Created chunk number: 77 for part 6
Created chunk number: 78 for part 6
Created chunk number: 79 for part 6
Created chunk number: 80 for part 6
Created chunk number: 81 for part 6
Created chunk number: 82 for part 6
Created chunk number: 83 for part 6
Created chunk number: 84 for part 6
Created chunk number: 85 for part 6
Created chunk number: 86 for part 6
Created chunk number: 87 for part 6
Created chunk number: 88 for part 6
Created chunk number: 89 for part 6
Created chunk number: 90 for part 6
Created chunk number: 91 for part 6
Created chunk number: 92 for part 6
Created chunk number: 93 for part 6
Created chunk number: 94 for part 6
Created chunk number: 95 for part 6
Created chunk number: 96 for part 6
Created chunk number: 97 for part 6
Created chunk number: 98 for part 6
Created chunk number: 99 for part 6
Created chunk number: 100 for part 6
Created chunk number: 101 for part 6
Created chunk number: 102 for part 6
Created chunk number: 103 for part 6
Created chunk number: 104 for part 6
Created chunk number: 105 for part 6
Created chunk number: 106 for part 6
Created chunk number: 107 for part 6
Created chunk number: 108 for part 6
Created chunk number: 109 for part 6
Created chunk number: 110 for part 6
Created chunk number: 111 for part 6
Created chunk number: 112 for part 6
Created chunk number: 113 for part 6
Created chunk number: 114 for part 6
Created chunk number: 115 for part 6
Created chunk number: 116 for part 6
Created chunk number: 117 for part 6
Created chunk number: 118 for part 6
Created chunk number: 119 for part 6
